[2022-06-13 09:50:55,217] {taskinstance.py:1159} INFO - Dependencies all met for <TaskInstance: a_call_dag.say_goodbye_from_livex_market_price manual__2022-06-13T09:48:43.605166+00:00 [queued]>
[2022-06-13 09:50:55,236] {taskinstance.py:1159} INFO - Dependencies all met for <TaskInstance: a_call_dag.say_goodbye_from_livex_market_price manual__2022-06-13T09:48:43.605166+00:00 [queued]>
[2022-06-13 09:50:55,237] {taskinstance.py:1356} INFO - 
--------------------------------------------------------------------------------
[2022-06-13 09:50:55,237] {taskinstance.py:1357} INFO - Starting attempt 1 of 1
[2022-06-13 09:50:55,238] {taskinstance.py:1358} INFO - 
--------------------------------------------------------------------------------
[2022-06-13 09:50:55,262] {taskinstance.py:1377} INFO - Executing <Task(BashOperator): say_goodbye_from_livex_market_price> on 2022-06-13 09:48:43.605166+00:00
[2022-06-13 09:50:55,274] {standard_task_runner.py:52} INFO - Started process 17388 to run task
[2022-06-13 09:50:55,286] {standard_task_runner.py:79} INFO - Running: ['***', 'tasks', 'run', 'a_call_dag', 'say_goodbye_from_livex_market_price', 'manual__2022-06-13T09:48:43.605166+00:00', '--job-id', '125', '--raw', '--subdir', 'DAGS_FOLDER/call_dag.py', '--cfg-path', '/tmp/tmp1en48a0z', '--error-file', '/tmp/tmp04v6q8so']
[2022-06-13 09:50:55,288] {standard_task_runner.py:80} INFO - Job 125: Subtask say_goodbye_from_livex_market_price
[2022-06-13 09:50:55,406] {task_command.py:370} INFO - Running <TaskInstance: a_call_dag.say_goodbye_from_livex_market_price manual__2022-06-13T09:48:43.605166+00:00 [running]> on host 8ef6f3d8e77e
[2022-06-13 09:50:55,556] {taskinstance.py:1571} INFO - Exporting the following env vars:
AIRFLOW_CTX_DAG_OWNER=***
AIRFLOW_CTX_DAG_ID=a_call_dag
AIRFLOW_CTX_TASK_ID=say_goodbye_from_livex_market_price
AIRFLOW_CTX_EXECUTION_DATE=2022-06-13T09:48:43.605166+00:00
AIRFLOW_CTX_TRY_NUMBER=1
AIRFLOW_CTX_DAG_RUN_ID=manual__2022-06-13T09:48:43.605166+00:00
[2022-06-13 09:50:55,559] {subprocess.py:62} INFO - Tmp dir root location: 
 /tmp
[2022-06-13 09:50:55,560] {subprocess.py:74} INFO - Running command: ['bash', '-c', 'echo goodbye from livex_market_price.']
[2022-06-13 09:50:55,581] {subprocess.py:85} INFO - Output:
[2022-06-13 09:50:55,584] {subprocess.py:92} INFO - goodbye from livex_market_price.
[2022-06-13 09:50:55,585] {subprocess.py:96} INFO - Command exited with return code 0
[2022-06-13 09:50:55,644] {taskinstance.py:1400} INFO - Marking task as SUCCESS. dag_id=a_call_dag, task_id=say_goodbye_from_livex_market_price, execution_date=20220613T094843, start_date=20220613T095055, end_date=20220613T095055
[2022-06-13 09:50:55,695] {local_task_job.py:156} INFO - Task exited with return code 0
[2022-06-13 09:50:55,791] {local_task_job.py:273} INFO - 0 downstream tasks scheduled from follow-on schedule check
