[2022-06-13 09:51:38,869] {taskinstance.py:1159} INFO - Dependencies all met for <TaskInstance: a_call_dag.say_hello_from_wineparadise manual__2022-06-13T09:51:17.544810+00:00 [queued]>
[2022-06-13 09:51:38,935] {taskinstance.py:1159} INFO - Dependencies all met for <TaskInstance: a_call_dag.say_hello_from_wineparadise manual__2022-06-13T09:51:17.544810+00:00 [queued]>
[2022-06-13 09:51:38,935] {taskinstance.py:1356} INFO - 
--------------------------------------------------------------------------------
[2022-06-13 09:51:38,936] {taskinstance.py:1357} INFO - Starting attempt 1 of 1
[2022-06-13 09:51:38,937] {taskinstance.py:1358} INFO - 
--------------------------------------------------------------------------------
[2022-06-13 09:51:39,000] {taskinstance.py:1377} INFO - Executing <Task(BashOperator): say_hello_from_wineparadise> on 2022-06-13 09:51:17.544810+00:00
[2022-06-13 09:51:39,015] {standard_task_runner.py:79} INFO - Running: ['***', 'tasks', 'run', 'a_call_dag', 'say_hello_from_wineparadise', 'manual__2022-06-13T09:51:17.544810+00:00', '--job-id', '133', '--raw', '--subdir', 'DAGS_FOLDER/call_dag.py', '--cfg-path', '/tmp/tmpb9u6noie', '--error-file', '/tmp/tmpjdlv902n']
[2022-06-13 09:51:39,019] {standard_task_runner.py:80} INFO - Job 133: Subtask say_hello_from_wineparadise
[2022-06-13 09:51:39,009] {standard_task_runner.py:52} INFO - Started process 17445 to run task
[2022-06-13 09:51:39,760] {task_command.py:370} INFO - Running <TaskInstance: a_call_dag.say_hello_from_wineparadise manual__2022-06-13T09:51:17.544810+00:00 [running]> on host 8ef6f3d8e77e
[2022-06-13 09:51:40,369] {taskinstance.py:1571} INFO - Exporting the following env vars:
AIRFLOW_CTX_DAG_OWNER=***
AIRFLOW_CTX_DAG_ID=a_call_dag
AIRFLOW_CTX_TASK_ID=say_hello_from_wineparadise
AIRFLOW_CTX_EXECUTION_DATE=2022-06-13T09:51:17.544810+00:00
AIRFLOW_CTX_TRY_NUMBER=1
AIRFLOW_CTX_DAG_RUN_ID=manual__2022-06-13T09:51:17.544810+00:00
[2022-06-13 09:51:40,382] {subprocess.py:62} INFO - Tmp dir root location: 
 /tmp
[2022-06-13 09:51:40,391] {subprocess.py:74} INFO - Running command: ['bash', '-c', 'echo hello from wineparadise.']
[2022-06-13 09:51:40,501] {subprocess.py:85} INFO - Output:
[2022-06-13 09:51:40,533] {subprocess.py:92} INFO - hello from wineparadise.
[2022-06-13 09:51:40,550] {subprocess.py:96} INFO - Command exited with return code 0
[2022-06-13 09:51:40,782] {taskinstance.py:1400} INFO - Marking task as SUCCESS. dag_id=a_call_dag, task_id=say_hello_from_wineparadise, execution_date=20220613T095117, start_date=20220613T095138, end_date=20220613T095140
[2022-06-13 09:51:40,945] {local_task_job.py:156} INFO - Task exited with return code 0
[2022-06-13 09:51:41,250] {local_task_job.py:273} INFO - 1 downstream tasks scheduled from follow-on schedule check
