[2022-06-13 09:52:24,767] {taskinstance.py:1159} INFO - Dependencies all met for <TaskInstance: a_call_dag.say_hello_from_rarefinewine manual__2022-06-13T09:51:17.544810+00:00 [queued]>
[2022-06-13 09:52:24,785] {taskinstance.py:1159} INFO - Dependencies all met for <TaskInstance: a_call_dag.say_hello_from_rarefinewine manual__2022-06-13T09:51:17.544810+00:00 [queued]>
[2022-06-13 09:52:24,786] {taskinstance.py:1356} INFO - 
--------------------------------------------------------------------------------
[2022-06-13 09:52:24,786] {taskinstance.py:1357} INFO - Starting attempt 1 of 1
[2022-06-13 09:52:24,786] {taskinstance.py:1358} INFO - 
--------------------------------------------------------------------------------
[2022-06-13 09:52:24,810] {taskinstance.py:1377} INFO - Executing <Task(BashOperator): say_hello_from_rarefinewine> on 2022-06-13 09:51:17.544810+00:00
[2022-06-13 09:52:24,817] {standard_task_runner.py:52} INFO - Started process 17506 to run task
[2022-06-13 09:52:24,821] {standard_task_runner.py:79} INFO - Running: ['***', 'tasks', 'run', 'a_call_dag', 'say_hello_from_rarefinewine', 'manual__2022-06-13T09:51:17.544810+00:00', '--job-id', '143', '--raw', '--subdir', 'DAGS_FOLDER/call_dag.py', '--cfg-path', '/tmp/tmp9522p881', '--error-file', '/tmp/tmp4dtir2f8']
[2022-06-13 09:52:24,823] {standard_task_runner.py:80} INFO - Job 143: Subtask say_hello_from_rarefinewine
[2022-06-13 09:52:24,900] {task_command.py:370} INFO - Running <TaskInstance: a_call_dag.say_hello_from_rarefinewine manual__2022-06-13T09:51:17.544810+00:00 [running]> on host 8ef6f3d8e77e
[2022-06-13 09:52:25,031] {taskinstance.py:1571} INFO - Exporting the following env vars:
AIRFLOW_CTX_DAG_OWNER=***
AIRFLOW_CTX_DAG_ID=a_call_dag
AIRFLOW_CTX_TASK_ID=say_hello_from_rarefinewine
AIRFLOW_CTX_EXECUTION_DATE=2022-06-13T09:51:17.544810+00:00
AIRFLOW_CTX_TRY_NUMBER=1
AIRFLOW_CTX_DAG_RUN_ID=manual__2022-06-13T09:51:17.544810+00:00
[2022-06-13 09:52:25,033] {subprocess.py:62} INFO - Tmp dir root location: 
 /tmp
[2022-06-13 09:52:25,034] {subprocess.py:74} INFO - Running command: ['bash', '-c', 'echo hello from rarefinewine.']
[2022-06-13 09:52:25,049] {subprocess.py:85} INFO - Output:
[2022-06-13 09:52:25,052] {subprocess.py:92} INFO - hello from rarefinewine.
[2022-06-13 09:52:25,052] {subprocess.py:96} INFO - Command exited with return code 0
[2022-06-13 09:52:25,097] {taskinstance.py:1400} INFO - Marking task as SUCCESS. dag_id=a_call_dag, task_id=say_hello_from_rarefinewine, execution_date=20220613T095117, start_date=20220613T095224, end_date=20220613T095225
[2022-06-13 09:52:25,154] {local_task_job.py:156} INFO - Task exited with return code 0
[2022-06-13 09:52:25,237] {local_task_job.py:273} INFO - 1 downstream tasks scheduled from follow-on schedule check
