[2022-06-13 09:51:58,650] {taskinstance.py:1159} INFO - Dependencies all met for <TaskInstance: a_call_dag.say_hello_from_ginsbergchan manual__2022-06-13T09:51:17.544810+00:00 [queued]>
[2022-06-13 09:51:58,739] {taskinstance.py:1159} INFO - Dependencies all met for <TaskInstance: a_call_dag.say_hello_from_ginsbergchan manual__2022-06-13T09:51:17.544810+00:00 [queued]>
[2022-06-13 09:51:58,739] {taskinstance.py:1356} INFO - 
--------------------------------------------------------------------------------
[2022-06-13 09:51:58,740] {taskinstance.py:1357} INFO - Starting attempt 1 of 1
[2022-06-13 09:51:58,741] {taskinstance.py:1358} INFO - 
--------------------------------------------------------------------------------
[2022-06-13 09:51:58,804] {taskinstance.py:1377} INFO - Executing <Task(BashOperator): say_hello_from_ginsbergchan> on 2022-06-13 09:51:17.544810+00:00
[2022-06-13 09:51:58,815] {standard_task_runner.py:52} INFO - Started process 17472 to run task
[2022-06-13 09:51:58,834] {standard_task_runner.py:79} INFO - Running: ['***', 'tasks', 'run', 'a_call_dag', 'say_hello_from_ginsbergchan', 'manual__2022-06-13T09:51:17.544810+00:00', '--job-id', '137', '--raw', '--subdir', 'DAGS_FOLDER/call_dag.py', '--cfg-path', '/tmp/tmp8pfjw2zd', '--error-file', '/tmp/tmppey2qkpc']
[2022-06-13 09:51:58,852] {standard_task_runner.py:80} INFO - Job 137: Subtask say_hello_from_ginsbergchan
[2022-06-13 09:51:59,165] {task_command.py:370} INFO - Running <TaskInstance: a_call_dag.say_hello_from_ginsbergchan manual__2022-06-13T09:51:17.544810+00:00 [running]> on host 8ef6f3d8e77e
[2022-06-13 09:51:59,668] {taskinstance.py:1571} INFO - Exporting the following env vars:
AIRFLOW_CTX_DAG_OWNER=***
AIRFLOW_CTX_DAG_ID=a_call_dag
AIRFLOW_CTX_TASK_ID=say_hello_from_ginsbergchan
AIRFLOW_CTX_EXECUTION_DATE=2022-06-13T09:51:17.544810+00:00
AIRFLOW_CTX_TRY_NUMBER=1
AIRFLOW_CTX_DAG_RUN_ID=manual__2022-06-13T09:51:17.544810+00:00
[2022-06-13 09:51:59,674] {subprocess.py:62} INFO - Tmp dir root location: 
 /tmp
[2022-06-13 09:51:59,686] {subprocess.py:74} INFO - Running command: ['bash', '-c', 'echo hello from ginsbergchan.']
[2022-06-13 09:51:59,729] {subprocess.py:85} INFO - Output:
[2022-06-13 09:51:59,732] {subprocess.py:92} INFO - hello from ginsbergchan.
[2022-06-13 09:51:59,733] {subprocess.py:96} INFO - Command exited with return code 0
[2022-06-13 09:51:59,906] {taskinstance.py:1400} INFO - Marking task as SUCCESS. dag_id=a_call_dag, task_id=say_hello_from_ginsbergchan, execution_date=20220613T095117, start_date=20220613T095158, end_date=20220613T095159
[2022-06-13 09:52:00,010] {local_task_job.py:156} INFO - Task exited with return code 0
[2022-06-13 09:52:00,168] {local_task_job.py:273} INFO - 1 downstream tasks scheduled from follow-on schedule check
