[2022-06-13 09:53:14,811] {taskinstance.py:1159} INFO - Dependencies all met for <TaskInstance: a_call_dag.say_goodbye_from_wineview manual__2022-06-13T09:51:17.544810+00:00 [queued]>
[2022-06-13 09:53:14,834] {taskinstance.py:1159} INFO - Dependencies all met for <TaskInstance: a_call_dag.say_goodbye_from_wineview manual__2022-06-13T09:51:17.544810+00:00 [queued]>
[2022-06-13 09:53:14,834] {taskinstance.py:1356} INFO - 
--------------------------------------------------------------------------------
[2022-06-13 09:53:14,835] {taskinstance.py:1357} INFO - Starting attempt 1 of 1
[2022-06-13 09:53:14,835] {taskinstance.py:1358} INFO - 
--------------------------------------------------------------------------------
[2022-06-13 09:53:14,860] {taskinstance.py:1377} INFO - Executing <Task(BashOperator): say_goodbye_from_wineview> on 2022-06-13 09:51:17.544810+00:00
[2022-06-13 09:53:14,871] {standard_task_runner.py:52} INFO - Started process 17608 to run task
[2022-06-13 09:53:14,875] {standard_task_runner.py:79} INFO - Running: ['***', 'tasks', 'run', 'a_call_dag', 'say_goodbye_from_wineview', 'manual__2022-06-13T09:51:17.544810+00:00', '--job-id', '159', '--raw', '--subdir', 'DAGS_FOLDER/call_dag.py', '--cfg-path', '/tmp/tmpdj7mu2p4', '--error-file', '/tmp/tmpnrcp_5bm']
[2022-06-13 09:53:14,879] {standard_task_runner.py:80} INFO - Job 159: Subtask say_goodbye_from_wineview
[2022-06-13 09:53:15,141] {task_command.py:370} INFO - Running <TaskInstance: a_call_dag.say_goodbye_from_wineview manual__2022-06-13T09:51:17.544810+00:00 [running]> on host 8ef6f3d8e77e
[2022-06-13 09:53:15,361] {taskinstance.py:1571} INFO - Exporting the following env vars:
AIRFLOW_CTX_DAG_OWNER=***
AIRFLOW_CTX_DAG_ID=a_call_dag
AIRFLOW_CTX_TASK_ID=say_goodbye_from_wineview
AIRFLOW_CTX_EXECUTION_DATE=2022-06-13T09:51:17.544810+00:00
AIRFLOW_CTX_TRY_NUMBER=1
AIRFLOW_CTX_DAG_RUN_ID=manual__2022-06-13T09:51:17.544810+00:00
[2022-06-13 09:53:15,364] {subprocess.py:62} INFO - Tmp dir root location: 
 /tmp
[2022-06-13 09:53:15,366] {subprocess.py:74} INFO - Running command: ['bash', '-c', 'echo goodbye from wineview.']
[2022-06-13 09:53:15,388] {subprocess.py:85} INFO - Output:
[2022-06-13 09:53:15,391] {subprocess.py:92} INFO - goodbye from wineview.
[2022-06-13 09:53:15,392] {subprocess.py:96} INFO - Command exited with return code 0
[2022-06-13 09:53:15,457] {taskinstance.py:1400} INFO - Marking task as SUCCESS. dag_id=a_call_dag, task_id=say_goodbye_from_wineview, execution_date=20220613T095117, start_date=20220613T095314, end_date=20220613T095315
[2022-06-13 09:53:15,526] {local_task_job.py:156} INFO - Task exited with return code 0
[2022-06-13 09:53:15,604] {local_task_job.py:273} INFO - 0 downstream tasks scheduled from follow-on schedule check
