[2022-06-13 09:47:04,244] {taskinstance.py:1159} INFO - Dependencies all met for <TaskInstance: a_call_dag.say_hello_from_ginsbergchan manual__2022-06-13T09:46:28.875269+00:00 [queued]>
[2022-06-13 09:47:04,602] {taskinstance.py:1159} INFO - Dependencies all met for <TaskInstance: a_call_dag.say_hello_from_ginsbergchan manual__2022-06-13T09:46:28.875269+00:00 [queued]>
[2022-06-13 09:47:04,625] {taskinstance.py:1356} INFO - 
--------------------------------------------------------------------------------
[2022-06-13 09:47:04,674] {taskinstance.py:1357} INFO - Starting attempt 1 of 1
[2022-06-13 09:47:04,683] {taskinstance.py:1358} INFO - 
--------------------------------------------------------------------------------
[2022-06-13 09:47:05,944] {taskinstance.py:1377} INFO - Executing <Task(BashOperator): say_hello_from_ginsbergchan> on 2022-06-13 09:46:28.875269+00:00
[2022-06-13 09:47:06,455] {standard_task_runner.py:52} INFO - Started process 17030 to run task
[2022-06-13 09:47:06,603] {standard_task_runner.py:79} INFO - Running: ['***', 'tasks', 'run', 'a_call_dag', 'say_hello_from_ginsbergchan', 'manual__2022-06-13T09:46:28.875269+00:00', '--job-id', '64', '--raw', '--subdir', 'DAGS_FOLDER/call_dag.py', '--cfg-path', '/tmp/tmp9133ol6q', '--error-file', '/tmp/tmpoa0crcu1']
[2022-06-13 09:47:06,743] {standard_task_runner.py:80} INFO - Job 64: Subtask say_hello_from_ginsbergchan
[2022-06-13 09:47:08,775] {task_command.py:370} INFO - Running <TaskInstance: a_call_dag.say_hello_from_ginsbergchan manual__2022-06-13T09:46:28.875269+00:00 [running]> on host 8ef6f3d8e77e
[2022-06-13 09:47:11,048] {taskinstance.py:1571} INFO - Exporting the following env vars:
AIRFLOW_CTX_DAG_OWNER=***
AIRFLOW_CTX_DAG_ID=a_call_dag
AIRFLOW_CTX_TASK_ID=say_hello_from_ginsbergchan
AIRFLOW_CTX_EXECUTION_DATE=2022-06-13T09:46:28.875269+00:00
AIRFLOW_CTX_TRY_NUMBER=1
AIRFLOW_CTX_DAG_RUN_ID=manual__2022-06-13T09:46:28.875269+00:00
[2022-06-13 09:47:11,066] {subprocess.py:62} INFO - Tmp dir root location: 
 /tmp
[2022-06-13 09:47:11,088] {subprocess.py:74} INFO - Running command: ['bash', '-c', 'echo hello from ginsbergchan.']
[2022-06-13 09:47:11,874] {subprocess.py:85} INFO - Output:
[2022-06-13 09:47:11,882] {subprocess.py:92} INFO - hello from ginsbergchan.
[2022-06-13 09:47:11,888] {subprocess.py:96} INFO - Command exited with return code 0
[2022-06-13 09:47:16,304] {taskinstance.py:1400} INFO - Marking task as SUCCESS. dag_id=a_call_dag, task_id=say_hello_from_ginsbergchan, execution_date=20220613T094628, start_date=20220613T094704, end_date=20220613T094716
[2022-06-13 09:47:16,754] {local_task_job.py:156} INFO - Task exited with return code 0
[2022-06-13 09:47:18,695] {local_task_job.py:273} INFO - 1 downstream tasks scheduled from follow-on schedule check
