[2022-06-13 09:47:42,461] {taskinstance.py:1159} INFO - Dependencies all met for <TaskInstance: a_call_dag.say_goodbye_from_bidvino manual__2022-06-13T09:46:28.875269+00:00 [queued]>
[2022-06-13 09:47:42,530] {taskinstance.py:1159} INFO - Dependencies all met for <TaskInstance: a_call_dag.say_goodbye_from_bidvino manual__2022-06-13T09:46:28.875269+00:00 [queued]>
[2022-06-13 09:47:42,541] {taskinstance.py:1356} INFO - 
--------------------------------------------------------------------------------
[2022-06-13 09:47:42,543] {taskinstance.py:1357} INFO - Starting attempt 1 of 1
[2022-06-13 09:47:42,543] {taskinstance.py:1358} INFO - 
--------------------------------------------------------------------------------
[2022-06-13 09:47:42,894] {taskinstance.py:1377} INFO - Executing <Task(BashOperator): say_goodbye_from_bidvino> on 2022-06-13 09:46:28.875269+00:00
[2022-06-13 09:47:42,934] {standard_task_runner.py:52} INFO - Started process 17116 to run task
[2022-06-13 09:47:42,957] {standard_task_runner.py:79} INFO - Running: ['***', 'tasks', 'run', 'a_call_dag', 'say_goodbye_from_bidvino', 'manual__2022-06-13T09:46:28.875269+00:00', '--job-id', '82', '--raw', '--subdir', 'DAGS_FOLDER/call_dag.py', '--cfg-path', '/tmp/tmpxthu78av', '--error-file', '/tmp/tmp0b793526']
[2022-06-13 09:47:43,014] {standard_task_runner.py:80} INFO - Job 82: Subtask say_goodbye_from_bidvino
[2022-06-13 09:47:44,149] {task_command.py:370} INFO - Running <TaskInstance: a_call_dag.say_goodbye_from_bidvino manual__2022-06-13T09:46:28.875269+00:00 [running]> on host 8ef6f3d8e77e
[2022-06-13 09:47:49,070] {taskinstance.py:1571} INFO - Exporting the following env vars:
AIRFLOW_CTX_DAG_OWNER=***
AIRFLOW_CTX_DAG_ID=a_call_dag
AIRFLOW_CTX_TASK_ID=say_goodbye_from_bidvino
AIRFLOW_CTX_EXECUTION_DATE=2022-06-13T09:46:28.875269+00:00
AIRFLOW_CTX_TRY_NUMBER=1
AIRFLOW_CTX_DAG_RUN_ID=manual__2022-06-13T09:46:28.875269+00:00
[2022-06-13 09:47:49,090] {subprocess.py:62} INFO - Tmp dir root location: 
 /tmp
[2022-06-13 09:47:49,091] {subprocess.py:74} INFO - Running command: ['bash', '-c', 'echo goodbye from bidvino.']
[2022-06-13 09:47:49,651] {subprocess.py:85} INFO - Output:
[2022-06-13 09:47:49,669] {subprocess.py:92} INFO - goodbye from bidvino.
[2022-06-13 09:47:49,731] {subprocess.py:96} INFO - Command exited with return code 0
[2022-06-13 09:47:50,876] {taskinstance.py:1400} INFO - Marking task as SUCCESS. dag_id=a_call_dag, task_id=say_goodbye_from_bidvino, execution_date=20220613T094628, start_date=20220613T094742, end_date=20220613T094750
[2022-06-13 09:47:51,030] {local_task_job.py:156} INFO - Task exited with return code 0
[2022-06-13 09:47:51,937] {local_task_job.py:273} INFO - 0 downstream tasks scheduled from follow-on schedule check
