[2022-06-13 09:47:40,697] {taskinstance.py:1159} INFO - Dependencies all met for <TaskInstance: a_call_dag.say_goodbye_from_wineview manual__2022-06-13T09:46:28.875269+00:00 [queued]>
[2022-06-13 09:47:40,955] {taskinstance.py:1159} INFO - Dependencies all met for <TaskInstance: a_call_dag.say_goodbye_from_wineview manual__2022-06-13T09:46:28.875269+00:00 [queued]>
[2022-06-13 09:47:40,961] {taskinstance.py:1356} INFO - 
--------------------------------------------------------------------------------
[2022-06-13 09:47:40,971] {taskinstance.py:1357} INFO - Starting attempt 1 of 1
[2022-06-13 09:47:40,975] {taskinstance.py:1358} INFO - 
--------------------------------------------------------------------------------
[2022-06-13 09:47:41,486] {taskinstance.py:1377} INFO - Executing <Task(BashOperator): say_goodbye_from_wineview> on 2022-06-13 09:46:28.875269+00:00
[2022-06-13 09:47:41,517] {standard_task_runner.py:52} INFO - Started process 17114 to run task
[2022-06-13 09:47:41,570] {standard_task_runner.py:79} INFO - Running: ['***', 'tasks', 'run', 'a_call_dag', 'say_goodbye_from_wineview', 'manual__2022-06-13T09:46:28.875269+00:00', '--job-id', '80', '--raw', '--subdir', 'DAGS_FOLDER/call_dag.py', '--cfg-path', '/tmp/tmpyuec0yu2', '--error-file', '/tmp/tmpyjgpmrsn']
[2022-06-13 09:47:41,676] {standard_task_runner.py:80} INFO - Job 80: Subtask say_goodbye_from_wineview
[2022-06-13 09:47:42,234] {task_command.py:370} INFO - Running <TaskInstance: a_call_dag.say_goodbye_from_wineview manual__2022-06-13T09:46:28.875269+00:00 [running]> on host 8ef6f3d8e77e
[2022-06-13 09:47:48,115] {taskinstance.py:1571} INFO - Exporting the following env vars:
AIRFLOW_CTX_DAG_OWNER=***
AIRFLOW_CTX_DAG_ID=a_call_dag
AIRFLOW_CTX_TASK_ID=say_goodbye_from_wineview
AIRFLOW_CTX_EXECUTION_DATE=2022-06-13T09:46:28.875269+00:00
AIRFLOW_CTX_TRY_NUMBER=1
AIRFLOW_CTX_DAG_RUN_ID=manual__2022-06-13T09:46:28.875269+00:00
[2022-06-13 09:47:48,119] {subprocess.py:62} INFO - Tmp dir root location: 
 /tmp
[2022-06-13 09:47:48,121] {subprocess.py:74} INFO - Running command: ['bash', '-c', 'echo goodbye from wineview.']
[2022-06-13 09:47:48,158] {subprocess.py:85} INFO - Output:
[2022-06-13 09:47:48,181] {subprocess.py:92} INFO - goodbye from wineview.
[2022-06-13 09:47:48,182] {subprocess.py:96} INFO - Command exited with return code 0
[2022-06-13 09:47:48,631] {taskinstance.py:1400} INFO - Marking task as SUCCESS. dag_id=a_call_dag, task_id=say_goodbye_from_wineview, execution_date=20220613T094628, start_date=20220613T094740, end_date=20220613T094748
[2022-06-13 09:47:49,050] {local_task_job.py:156} INFO - Task exited with return code 0
[2022-06-13 09:47:49,693] {local_task_job.py:273} INFO - 0 downstream tasks scheduled from follow-on schedule check
