[2022-06-13 09:48:51,443] {taskinstance.py:1159} INFO - Dependencies all met for <TaskInstance: a_call_dag.preparation_task manual__2022-06-13T09:48:43.605166+00:00 [queued]>
[2022-06-13 09:48:51,460] {taskinstance.py:1159} INFO - Dependencies all met for <TaskInstance: a_call_dag.preparation_task manual__2022-06-13T09:48:43.605166+00:00 [queued]>
[2022-06-13 09:48:51,460] {taskinstance.py:1356} INFO - 
--------------------------------------------------------------------------------
[2022-06-13 09:48:51,461] {taskinstance.py:1357} INFO - Starting attempt 1 of 1
[2022-06-13 09:48:51,461] {taskinstance.py:1358} INFO - 
--------------------------------------------------------------------------------
[2022-06-13 09:48:51,486] {taskinstance.py:1377} INFO - Executing <Task(PythonOperator): preparation_task> on 2022-06-13 09:48:43.605166+00:00
[2022-06-13 09:48:51,494] {standard_task_runner.py:52} INFO - Started process 17197 to run task
[2022-06-13 09:48:51,499] {standard_task_runner.py:79} INFO - Running: ['***', 'tasks', 'run', 'a_call_dag', 'preparation_task', 'manual__2022-06-13T09:48:43.605166+00:00', '--job-id', '95', '--raw', '--subdir', 'DAGS_FOLDER/call_dag.py', '--cfg-path', '/tmp/tmpx24d70h3', '--error-file', '/tmp/tmp9d2rw_5i']
[2022-06-13 09:48:51,501] {standard_task_runner.py:80} INFO - Job 95: Subtask preparation_task
[2022-06-13 09:48:51,593] {task_command.py:370} INFO - Running <TaskInstance: a_call_dag.preparation_task manual__2022-06-13T09:48:43.605166+00:00 [running]> on host 8ef6f3d8e77e
[2022-06-13 09:48:51,717] {taskinstance.py:1571} INFO - Exporting the following env vars:
AIRFLOW_CTX_DAG_OWNER=***
AIRFLOW_CTX_DAG_ID=a_call_dag
AIRFLOW_CTX_TASK_ID=preparation_task
AIRFLOW_CTX_EXECUTION_DATE=2022-06-13T09:48:43.605166+00:00
AIRFLOW_CTX_TRY_NUMBER=1
AIRFLOW_CTX_DAG_RUN_ID=manual__2022-06-13T09:48:43.605166+00:00
[2022-06-13 09:48:51,748] {crypto.py:82} WARNING - empty cryptography key - values will not be stored encrypted.
[2022-06-13 09:48:51,758] {python.py:173} INFO - Done. Returned value was: None
[2022-06-13 09:48:51,776] {taskinstance.py:1400} INFO - Marking task as SUCCESS. dag_id=a_call_dag, task_id=preparation_task, execution_date=20220613T094843, start_date=20220613T094851, end_date=20220613T094851
[2022-06-13 09:48:51,834] {local_task_job.py:156} INFO - Task exited with return code 0
[2022-06-13 09:48:51,929] {local_task_job.py:273} INFO - 16 downstream tasks scheduled from follow-on schedule check
