[2022-06-13 09:47:41,748] {taskinstance.py:1159} INFO - Dependencies all met for <TaskInstance: a_call_dag.say_goodbye_from_vivinowines manual__2022-06-13T09:46:28.875269+00:00 [queued]>
[2022-06-13 09:47:41,989] {taskinstance.py:1159} INFO - Dependencies all met for <TaskInstance: a_call_dag.say_goodbye_from_vivinowines manual__2022-06-13T09:46:28.875269+00:00 [queued]>
[2022-06-13 09:47:42,011] {taskinstance.py:1356} INFO - 
--------------------------------------------------------------------------------
[2022-06-13 09:47:42,012] {taskinstance.py:1357} INFO - Starting attempt 1 of 1
[2022-06-13 09:47:42,012] {taskinstance.py:1358} INFO - 
--------------------------------------------------------------------------------
[2022-06-13 09:47:42,166] {taskinstance.py:1377} INFO - Executing <Task(BashOperator): say_goodbye_from_vivinowines> on 2022-06-13 09:46:28.875269+00:00
[2022-06-13 09:47:42,204] {standard_task_runner.py:52} INFO - Started process 17115 to run task
[2022-06-13 09:47:42,217] {standard_task_runner.py:79} INFO - Running: ['***', 'tasks', 'run', 'a_call_dag', 'say_goodbye_from_vivinowines', 'manual__2022-06-13T09:46:28.875269+00:00', '--job-id', '81', '--raw', '--subdir', 'DAGS_FOLDER/call_dag.py', '--cfg-path', '/tmp/tmpr2630r7v', '--error-file', '/tmp/tmp2mtqvcn4']
[2022-06-13 09:47:42,233] {standard_task_runner.py:80} INFO - Job 81: Subtask say_goodbye_from_vivinowines
[2022-06-13 09:47:42,574] {task_command.py:370} INFO - Running <TaskInstance: a_call_dag.say_goodbye_from_vivinowines manual__2022-06-13T09:46:28.875269+00:00 [running]> on host 8ef6f3d8e77e
[2022-06-13 09:47:43,603] {taskinstance.py:1571} INFO - Exporting the following env vars:
AIRFLOW_CTX_DAG_OWNER=***
AIRFLOW_CTX_DAG_ID=a_call_dag
AIRFLOW_CTX_TASK_ID=say_goodbye_from_vivinowines
AIRFLOW_CTX_EXECUTION_DATE=2022-06-13T09:46:28.875269+00:00
AIRFLOW_CTX_TRY_NUMBER=1
AIRFLOW_CTX_DAG_RUN_ID=manual__2022-06-13T09:46:28.875269+00:00
[2022-06-13 09:47:43,610] {subprocess.py:62} INFO - Tmp dir root location: 
 /tmp
[2022-06-13 09:47:43,616] {subprocess.py:74} INFO - Running command: ['bash', '-c', 'echo goodbye from vivinowines.']
[2022-06-13 09:47:43,652] {subprocess.py:85} INFO - Output:
[2022-06-13 09:47:43,683] {subprocess.py:92} INFO - goodbye from vivinowines.
[2022-06-13 09:47:43,689] {subprocess.py:96} INFO - Command exited with return code 0
[2022-06-13 09:47:48,375] {taskinstance.py:1400} INFO - Marking task as SUCCESS. dag_id=a_call_dag, task_id=say_goodbye_from_vivinowines, execution_date=20220613T094628, start_date=20220613T094741, end_date=20220613T094748
[2022-06-13 09:47:48,703] {local_task_job.py:156} INFO - Task exited with return code 0
[2022-06-13 09:47:50,142] {local_task_job.py:273} INFO - 0 downstream tasks scheduled from follow-on schedule check
