[2022-06-13 09:49:01,420] {taskinstance.py:1159} INFO - Dependencies all met for <TaskInstance: a_call_dag.say_hello_from_cultwines manual__2022-06-13T09:48:43.605166+00:00 [queued]>
[2022-06-13 09:49:01,441] {taskinstance.py:1159} INFO - Dependencies all met for <TaskInstance: a_call_dag.say_hello_from_cultwines manual__2022-06-13T09:48:43.605166+00:00 [queued]>
[2022-06-13 09:49:01,442] {taskinstance.py:1356} INFO - 
--------------------------------------------------------------------------------
[2022-06-13 09:49:01,442] {taskinstance.py:1357} INFO - Starting attempt 1 of 1
[2022-06-13 09:49:01,443] {taskinstance.py:1358} INFO - 
--------------------------------------------------------------------------------
[2022-06-13 09:49:01,495] {taskinstance.py:1377} INFO - Executing <Task(BashOperator): say_hello_from_cultwines> on 2022-06-13 09:48:43.605166+00:00
[2022-06-13 09:49:01,504] {standard_task_runner.py:52} INFO - Started process 17204 to run task
[2022-06-13 09:49:01,517] {standard_task_runner.py:79} INFO - Running: ['***', 'tasks', 'run', 'a_call_dag', 'say_hello_from_cultwines', 'manual__2022-06-13T09:48:43.605166+00:00', '--job-id', '97', '--raw', '--subdir', 'DAGS_FOLDER/call_dag.py', '--cfg-path', '/tmp/tmpx7he9c9l', '--error-file', '/tmp/tmp6zapb7ni']
[2022-06-13 09:49:01,519] {standard_task_runner.py:80} INFO - Job 97: Subtask say_hello_from_cultwines
[2022-06-13 09:49:01,618] {task_command.py:370} INFO - Running <TaskInstance: a_call_dag.say_hello_from_cultwines manual__2022-06-13T09:48:43.605166+00:00 [running]> on host 8ef6f3d8e77e
[2022-06-13 09:49:01,761] {taskinstance.py:1571} INFO - Exporting the following env vars:
AIRFLOW_CTX_DAG_OWNER=***
AIRFLOW_CTX_DAG_ID=a_call_dag
AIRFLOW_CTX_TASK_ID=say_hello_from_cultwines
AIRFLOW_CTX_EXECUTION_DATE=2022-06-13T09:48:43.605166+00:00
AIRFLOW_CTX_TRY_NUMBER=1
AIRFLOW_CTX_DAG_RUN_ID=manual__2022-06-13T09:48:43.605166+00:00
[2022-06-13 09:49:01,764] {subprocess.py:62} INFO - Tmp dir root location: 
 /tmp
[2022-06-13 09:49:01,769] {subprocess.py:74} INFO - Running command: ['bash', '-c', 'echo hello from cultwines.']
[2022-06-13 09:49:01,795] {subprocess.py:85} INFO - Output:
[2022-06-13 09:49:01,799] {subprocess.py:92} INFO - hello from cultwines.
[2022-06-13 09:49:01,800] {subprocess.py:96} INFO - Command exited with return code 0
[2022-06-13 09:49:01,891] {taskinstance.py:1400} INFO - Marking task as SUCCESS. dag_id=a_call_dag, task_id=say_hello_from_cultwines, execution_date=20220613T094843, start_date=20220613T094901, end_date=20220613T094901
[2022-06-13 09:49:01,969] {local_task_job.py:156} INFO - Task exited with return code 0
[2022-06-13 09:49:02,105] {local_task_job.py:273} INFO - 1 downstream tasks scheduled from follow-on schedule check
