[2022-06-13 09:47:01,153] {taskinstance.py:1159} INFO - Dependencies all met for <TaskInstance: a_call_dag.say_hello_from_livex_market_price manual__2022-06-13T09:46:28.875269+00:00 [queued]>
[2022-06-13 09:47:01,585] {taskinstance.py:1159} INFO - Dependencies all met for <TaskInstance: a_call_dag.say_hello_from_livex_market_price manual__2022-06-13T09:46:28.875269+00:00 [queued]>
[2022-06-13 09:47:01,635] {taskinstance.py:1356} INFO - 
--------------------------------------------------------------------------------
[2022-06-13 09:47:01,646] {taskinstance.py:1357} INFO - Starting attempt 1 of 1
[2022-06-13 09:47:01,649] {taskinstance.py:1358} INFO - 
--------------------------------------------------------------------------------
[2022-06-13 09:47:02,555] {taskinstance.py:1377} INFO - Executing <Task(BashOperator): say_hello_from_livex_market_price> on 2022-06-13 09:46:28.875269+00:00
[2022-06-13 09:47:02,740] {standard_task_runner.py:52} INFO - Started process 17028 to run task
[2022-06-13 09:47:02,933] {standard_task_runner.py:79} INFO - Running: ['***', 'tasks', 'run', 'a_call_dag', 'say_hello_from_livex_market_price', 'manual__2022-06-13T09:46:28.875269+00:00', '--job-id', '62', '--raw', '--subdir', 'DAGS_FOLDER/call_dag.py', '--cfg-path', '/tmp/tmpqze3_n8b', '--error-file', '/tmp/tmpcrtqo0lj']
[2022-06-13 09:47:03,029] {standard_task_runner.py:80} INFO - Job 62: Subtask say_hello_from_livex_market_price
[2022-06-13 09:47:07,699] {task_command.py:370} INFO - Running <TaskInstance: a_call_dag.say_hello_from_livex_market_price manual__2022-06-13T09:46:28.875269+00:00 [running]> on host 8ef6f3d8e77e
[2022-06-13 09:47:12,066] {taskinstance.py:1571} INFO - Exporting the following env vars:
AIRFLOW_CTX_DAG_OWNER=***
AIRFLOW_CTX_DAG_ID=a_call_dag
AIRFLOW_CTX_TASK_ID=say_hello_from_livex_market_price
AIRFLOW_CTX_EXECUTION_DATE=2022-06-13T09:46:28.875269+00:00
AIRFLOW_CTX_TRY_NUMBER=1
AIRFLOW_CTX_DAG_RUN_ID=manual__2022-06-13T09:46:28.875269+00:00
[2022-06-13 09:47:12,099] {subprocess.py:62} INFO - Tmp dir root location: 
 /tmp
[2022-06-13 09:47:12,105] {subprocess.py:74} INFO - Running command: ['bash', '-c', 'echo hello from livex_market_price.']
[2022-06-13 09:47:12,469] {subprocess.py:85} INFO - Output:
[2022-06-13 09:47:12,688] {subprocess.py:92} INFO - hello from livex_market_price.
[2022-06-13 09:47:12,717] {subprocess.py:96} INFO - Command exited with return code 0
[2022-06-13 09:47:16,718] {taskinstance.py:1400} INFO - Marking task as SUCCESS. dag_id=a_call_dag, task_id=say_hello_from_livex_market_price, execution_date=20220613T094628, start_date=20220613T094701, end_date=20220613T094716
[2022-06-13 09:47:16,944] {local_task_job.py:156} INFO - Task exited with return code 0
[2022-06-13 09:47:17,714] {local_task_job.py:273} INFO - 1 downstream tasks scheduled from follow-on schedule check
