[2022-06-13 09:47:43,103] {taskinstance.py:1159} INFO - Dependencies all met for <TaskInstance: a_call_dag.say_goodbye_from_pontiwine manual__2022-06-13T09:46:28.875269+00:00 [queued]>
[2022-06-13 09:47:43,228] {taskinstance.py:1159} INFO - Dependencies all met for <TaskInstance: a_call_dag.say_goodbye_from_pontiwine manual__2022-06-13T09:46:28.875269+00:00 [queued]>
[2022-06-13 09:47:43,261] {taskinstance.py:1356} INFO - 
--------------------------------------------------------------------------------
[2022-06-13 09:47:43,265] {taskinstance.py:1357} INFO - Starting attempt 1 of 1
[2022-06-13 09:47:43,271] {taskinstance.py:1358} INFO - 
--------------------------------------------------------------------------------
[2022-06-13 09:47:43,591] {taskinstance.py:1377} INFO - Executing <Task(BashOperator): say_goodbye_from_pontiwine> on 2022-06-13 09:46:28.875269+00:00
[2022-06-13 09:47:43,704] {standard_task_runner.py:79} INFO - Running: ['***', 'tasks', 'run', 'a_call_dag', 'say_goodbye_from_pontiwine', 'manual__2022-06-13T09:46:28.875269+00:00', '--job-id', '83', '--raw', '--subdir', 'DAGS_FOLDER/call_dag.py', '--cfg-path', '/tmp/tmpthq3gfz_', '--error-file', '/tmp/tmp03a3neo4']
[2022-06-13 09:47:43,715] {standard_task_runner.py:80} INFO - Job 83: Subtask say_goodbye_from_pontiwine
[2022-06-13 09:47:43,645] {standard_task_runner.py:52} INFO - Started process 17118 to run task
[2022-06-13 09:47:44,653] {task_command.py:370} INFO - Running <TaskInstance: a_call_dag.say_goodbye_from_pontiwine manual__2022-06-13T09:46:28.875269+00:00 [running]> on host 8ef6f3d8e77e
[2022-06-13 09:47:50,254] {taskinstance.py:1571} INFO - Exporting the following env vars:
AIRFLOW_CTX_DAG_OWNER=***
AIRFLOW_CTX_DAG_ID=a_call_dag
AIRFLOW_CTX_TASK_ID=say_goodbye_from_pontiwine
AIRFLOW_CTX_EXECUTION_DATE=2022-06-13T09:46:28.875269+00:00
AIRFLOW_CTX_TRY_NUMBER=1
AIRFLOW_CTX_DAG_RUN_ID=manual__2022-06-13T09:46:28.875269+00:00
[2022-06-13 09:47:50,272] {subprocess.py:62} INFO - Tmp dir root location: 
 /tmp
[2022-06-13 09:47:50,276] {subprocess.py:74} INFO - Running command: ['bash', '-c', 'echo goodbye from pontiwine.']
[2022-06-13 09:47:50,344] {subprocess.py:85} INFO - Output:
[2022-06-13 09:47:50,346] {subprocess.py:92} INFO - goodbye from pontiwine.
[2022-06-13 09:47:50,350] {subprocess.py:96} INFO - Command exited with return code 0
[2022-06-13 09:47:51,318] {taskinstance.py:1400} INFO - Marking task as SUCCESS. dag_id=a_call_dag, task_id=say_goodbye_from_pontiwine, execution_date=20220613T094628, start_date=20220613T094743, end_date=20220613T094751
[2022-06-13 09:47:51,442] {local_task_job.py:156} INFO - Task exited with return code 0
[2022-06-13 09:47:52,417] {local_task_job.py:273} INFO - 0 downstream tasks scheduled from follow-on schedule check
