[2022-06-13 09:52:49,946] {taskinstance.py:1159} INFO - Dependencies all met for <TaskInstance: a_call_dag.say_goodbye_from_rarefinewine manual__2022-06-13T09:51:17.544810+00:00 [queued]>
[2022-06-13 09:52:49,980] {taskinstance.py:1159} INFO - Dependencies all met for <TaskInstance: a_call_dag.say_goodbye_from_rarefinewine manual__2022-06-13T09:51:17.544810+00:00 [queued]>
[2022-06-13 09:52:49,981] {taskinstance.py:1356} INFO - 
--------------------------------------------------------------------------------
[2022-06-13 09:52:49,981] {taskinstance.py:1357} INFO - Starting attempt 1 of 1
[2022-06-13 09:52:49,982] {taskinstance.py:1358} INFO - 
--------------------------------------------------------------------------------
[2022-06-13 09:52:50,028] {taskinstance.py:1377} INFO - Executing <Task(BashOperator): say_goodbye_from_rarefinewine> on 2022-06-13 09:51:17.544810+00:00
[2022-06-13 09:52:50,037] {standard_task_runner.py:52} INFO - Started process 17557 to run task
[2022-06-13 09:52:50,047] {standard_task_runner.py:79} INFO - Running: ['***', 'tasks', 'run', 'a_call_dag', 'say_goodbye_from_rarefinewine', 'manual__2022-06-13T09:51:17.544810+00:00', '--job-id', '151', '--raw', '--subdir', 'DAGS_FOLDER/call_dag.py', '--cfg-path', '/tmp/tmpo_80j_p0', '--error-file', '/tmp/tmp3v748we_']
[2022-06-13 09:52:50,049] {standard_task_runner.py:80} INFO - Job 151: Subtask say_goodbye_from_rarefinewine
[2022-06-13 09:52:50,206] {task_command.py:370} INFO - Running <TaskInstance: a_call_dag.say_goodbye_from_rarefinewine manual__2022-06-13T09:51:17.544810+00:00 [running]> on host 8ef6f3d8e77e
[2022-06-13 09:52:50,398] {taskinstance.py:1571} INFO - Exporting the following env vars:
AIRFLOW_CTX_DAG_OWNER=***
AIRFLOW_CTX_DAG_ID=a_call_dag
AIRFLOW_CTX_TASK_ID=say_goodbye_from_rarefinewine
AIRFLOW_CTX_EXECUTION_DATE=2022-06-13T09:51:17.544810+00:00
AIRFLOW_CTX_TRY_NUMBER=1
AIRFLOW_CTX_DAG_RUN_ID=manual__2022-06-13T09:51:17.544810+00:00
[2022-06-13 09:52:50,403] {subprocess.py:62} INFO - Tmp dir root location: 
 /tmp
[2022-06-13 09:52:50,404] {subprocess.py:74} INFO - Running command: ['bash', '-c', 'echo goodbye from rarefinewine.']
[2022-06-13 09:52:50,426] {subprocess.py:85} INFO - Output:
[2022-06-13 09:52:50,431] {subprocess.py:92} INFO - goodbye from rarefinewine.
[2022-06-13 09:52:50,431] {subprocess.py:96} INFO - Command exited with return code 0
[2022-06-13 09:52:50,499] {taskinstance.py:1400} INFO - Marking task as SUCCESS. dag_id=a_call_dag, task_id=say_goodbye_from_rarefinewine, execution_date=20220613T095117, start_date=20220613T095249, end_date=20220613T095250
[2022-06-13 09:52:50,557] {local_task_job.py:156} INFO - Task exited with return code 0
[2022-06-13 09:52:50,682] {local_task_job.py:273} INFO - 0 downstream tasks scheduled from follow-on schedule check
