[2022-06-13 09:51:46,306] {taskinstance.py:1159} INFO - Dependencies all met for <TaskInstance: a_call_dag.say_hello_from_royalorchid manual__2022-06-13T09:51:17.544810+00:00 [queued]>
[2022-06-13 09:51:46,333] {taskinstance.py:1159} INFO - Dependencies all met for <TaskInstance: a_call_dag.say_hello_from_royalorchid manual__2022-06-13T09:51:17.544810+00:00 [queued]>
[2022-06-13 09:51:46,334] {taskinstance.py:1356} INFO - 
--------------------------------------------------------------------------------
[2022-06-13 09:51:46,334] {taskinstance.py:1357} INFO - Starting attempt 1 of 1
[2022-06-13 09:51:46,335] {taskinstance.py:1358} INFO - 
--------------------------------------------------------------------------------
[2022-06-13 09:51:46,392] {taskinstance.py:1377} INFO - Executing <Task(BashOperator): say_hello_from_royalorchid> on 2022-06-13 09:51:17.544810+00:00
[2022-06-13 09:51:46,402] {standard_task_runner.py:52} INFO - Started process 17449 to run task
[2022-06-13 09:51:46,408] {standard_task_runner.py:79} INFO - Running: ['***', 'tasks', 'run', 'a_call_dag', 'say_hello_from_royalorchid', 'manual__2022-06-13T09:51:17.544810+00:00', '--job-id', '134', '--raw', '--subdir', 'DAGS_FOLDER/call_dag.py', '--cfg-path', '/tmp/tmpy1691d67', '--error-file', '/tmp/tmpulblxpqu']
[2022-06-13 09:51:46,411] {standard_task_runner.py:80} INFO - Job 134: Subtask say_hello_from_royalorchid
[2022-06-13 09:51:46,554] {task_command.py:370} INFO - Running <TaskInstance: a_call_dag.say_hello_from_royalorchid manual__2022-06-13T09:51:17.544810+00:00 [running]> on host 8ef6f3d8e77e
[2022-06-13 09:51:46,969] {taskinstance.py:1571} INFO - Exporting the following env vars:
AIRFLOW_CTX_DAG_OWNER=***
AIRFLOW_CTX_DAG_ID=a_call_dag
AIRFLOW_CTX_TASK_ID=say_hello_from_royalorchid
AIRFLOW_CTX_EXECUTION_DATE=2022-06-13T09:51:17.544810+00:00
AIRFLOW_CTX_TRY_NUMBER=1
AIRFLOW_CTX_DAG_RUN_ID=manual__2022-06-13T09:51:17.544810+00:00
[2022-06-13 09:51:46,972] {subprocess.py:62} INFO - Tmp dir root location: 
 /tmp
[2022-06-13 09:51:46,973] {subprocess.py:74} INFO - Running command: ['bash', '-c', 'echo hello from royalorchid.']
[2022-06-13 09:51:47,027] {subprocess.py:85} INFO - Output:
[2022-06-13 09:51:47,059] {subprocess.py:92} INFO - hello from royalorchid.
[2022-06-13 09:51:47,074] {subprocess.py:96} INFO - Command exited with return code 0
[2022-06-13 09:51:47,224] {taskinstance.py:1400} INFO - Marking task as SUCCESS. dag_id=a_call_dag, task_id=say_hello_from_royalorchid, execution_date=20220613T095117, start_date=20220613T095146, end_date=20220613T095147
[2022-06-13 09:51:47,308] {local_task_job.py:156} INFO - Task exited with return code 0
[2022-06-13 09:51:47,657] {local_task_job.py:273} INFO - 1 downstream tasks scheduled from follow-on schedule check
