[2022-06-13 09:40:19,052] {taskinstance.py:1159} INFO - Dependencies all met for <TaskInstance: a_call_dag.preparation_task manual__2022-06-13T09:40:11.469123+00:00 [queued]>
[2022-06-13 09:40:19,068] {taskinstance.py:1159} INFO - Dependencies all met for <TaskInstance: a_call_dag.preparation_task manual__2022-06-13T09:40:11.469123+00:00 [queued]>
[2022-06-13 09:40:19,069] {taskinstance.py:1356} INFO - 
--------------------------------------------------------------------------------
[2022-06-13 09:40:19,069] {taskinstance.py:1357} INFO - Starting attempt 1 of 1
[2022-06-13 09:40:19,070] {taskinstance.py:1358} INFO - 
--------------------------------------------------------------------------------
[2022-06-13 09:40:19,092] {taskinstance.py:1377} INFO - Executing <Task(PythonOperator): preparation_task> on 2022-06-13 09:40:11.469123+00:00
[2022-06-13 09:40:19,100] {standard_task_runner.py:52} INFO - Started process 16685 to run task
[2022-06-13 09:40:19,105] {standard_task_runner.py:79} INFO - Running: ['***', 'tasks', 'run', 'a_call_dag', 'preparation_task', 'manual__2022-06-13T09:40:11.469123+00:00', '--job-id', '38', '--raw', '--subdir', 'DAGS_FOLDER/call_dag.py', '--cfg-path', '/tmp/tmp_r9vqkk9', '--error-file', '/tmp/tmpylq8awm8']
[2022-06-13 09:40:19,107] {standard_task_runner.py:80} INFO - Job 38: Subtask preparation_task
[2022-06-13 09:40:19,204] {task_command.py:370} INFO - Running <TaskInstance: a_call_dag.preparation_task manual__2022-06-13T09:40:11.469123+00:00 [running]> on host 8ef6f3d8e77e
[2022-06-13 09:40:19,346] {taskinstance.py:1571} INFO - Exporting the following env vars:
AIRFLOW_CTX_DAG_OWNER=***
AIRFLOW_CTX_DAG_ID=a_call_dag
AIRFLOW_CTX_TASK_ID=preparation_task
AIRFLOW_CTX_EXECUTION_DATE=2022-06-13T09:40:11.469123+00:00
AIRFLOW_CTX_TRY_NUMBER=1
AIRFLOW_CTX_DAG_RUN_ID=manual__2022-06-13T09:40:11.469123+00:00
[2022-06-13 09:40:19,369] {crypto.py:82} WARNING - empty cryptography key - values will not be stored encrypted.
[2022-06-13 09:40:19,375] {python.py:173} INFO - Done. Returned value was: None
[2022-06-13 09:40:19,394] {taskinstance.py:1400} INFO - Marking task as SUCCESS. dag_id=a_call_dag, task_id=preparation_task, execution_date=20220613T094011, start_date=20220613T094019, end_date=20220613T094019
[2022-06-13 09:40:19,438] {local_task_job.py:156} INFO - Task exited with return code 0
[2022-06-13 09:40:19,501] {local_task_job.py:273} INFO - 1 downstream tasks scheduled from follow-on schedule check
