[2022-06-13 09:50:51,480] {taskinstance.py:1159} INFO - Dependencies all met for <TaskInstance: a_call_dag.say_goodbye_from_rarefinewine manual__2022-06-13T09:48:43.605166+00:00 [queued]>
[2022-06-13 09:50:51,505] {taskinstance.py:1159} INFO - Dependencies all met for <TaskInstance: a_call_dag.say_goodbye_from_rarefinewine manual__2022-06-13T09:48:43.605166+00:00 [queued]>
[2022-06-13 09:50:51,506] {taskinstance.py:1356} INFO - 
--------------------------------------------------------------------------------
[2022-06-13 09:50:51,507] {taskinstance.py:1357} INFO - Starting attempt 1 of 1
[2022-06-13 09:50:51,507] {taskinstance.py:1358} INFO - 
--------------------------------------------------------------------------------
[2022-06-13 09:50:51,534] {taskinstance.py:1377} INFO - Executing <Task(BashOperator): say_goodbye_from_rarefinewine> on 2022-06-13 09:48:43.605166+00:00
[2022-06-13 09:50:51,543] {standard_task_runner.py:52} INFO - Started process 17384 to run task
[2022-06-13 09:50:51,550] {standard_task_runner.py:79} INFO - Running: ['***', 'tasks', 'run', 'a_call_dag', 'say_goodbye_from_rarefinewine', 'manual__2022-06-13T09:48:43.605166+00:00', '--job-id', '124', '--raw', '--subdir', 'DAGS_FOLDER/call_dag.py', '--cfg-path', '/tmp/tmpdn6_6z1a', '--error-file', '/tmp/tmp6sn2es_d']
[2022-06-13 09:50:51,551] {standard_task_runner.py:80} INFO - Job 124: Subtask say_goodbye_from_rarefinewine
[2022-06-13 09:50:51,670] {task_command.py:370} INFO - Running <TaskInstance: a_call_dag.say_goodbye_from_rarefinewine manual__2022-06-13T09:48:43.605166+00:00 [running]> on host 8ef6f3d8e77e
[2022-06-13 09:50:51,819] {taskinstance.py:1571} INFO - Exporting the following env vars:
AIRFLOW_CTX_DAG_OWNER=***
AIRFLOW_CTX_DAG_ID=a_call_dag
AIRFLOW_CTX_TASK_ID=say_goodbye_from_rarefinewine
AIRFLOW_CTX_EXECUTION_DATE=2022-06-13T09:48:43.605166+00:00
AIRFLOW_CTX_TRY_NUMBER=1
AIRFLOW_CTX_DAG_RUN_ID=manual__2022-06-13T09:48:43.605166+00:00
[2022-06-13 09:50:51,824] {subprocess.py:62} INFO - Tmp dir root location: 
 /tmp
[2022-06-13 09:50:51,826] {subprocess.py:74} INFO - Running command: ['bash', '-c', 'echo goodbye from rarefinewine.']
[2022-06-13 09:50:51,847] {subprocess.py:85} INFO - Output:
[2022-06-13 09:50:51,851] {subprocess.py:92} INFO - goodbye from rarefinewine.
[2022-06-13 09:50:51,852] {subprocess.py:96} INFO - Command exited with return code 0
[2022-06-13 09:50:51,913] {taskinstance.py:1400} INFO - Marking task as SUCCESS. dag_id=a_call_dag, task_id=say_goodbye_from_rarefinewine, execution_date=20220613T094843, start_date=20220613T095051, end_date=20220613T095051
[2022-06-13 09:50:51,962] {local_task_job.py:156} INFO - Task exited with return code 0
[2022-06-13 09:50:52,085] {local_task_job.py:273} INFO - 0 downstream tasks scheduled from follow-on schedule check
