[2022-06-13 09:47:39,524] {taskinstance.py:1159} INFO - Dependencies all met for <TaskInstance: a_call_dag.say_goodbye_from_cruworldwine manual__2022-06-13T09:46:28.875269+00:00 [queued]>
[2022-06-13 09:47:39,828] {taskinstance.py:1159} INFO - Dependencies all met for <TaskInstance: a_call_dag.say_goodbye_from_cruworldwine manual__2022-06-13T09:46:28.875269+00:00 [queued]>
[2022-06-13 09:47:39,871] {taskinstance.py:1356} INFO - 
--------------------------------------------------------------------------------
[2022-06-13 09:47:39,878] {taskinstance.py:1357} INFO - Starting attempt 1 of 1
[2022-06-13 09:47:39,897] {taskinstance.py:1358} INFO - 
--------------------------------------------------------------------------------
[2022-06-13 09:47:40,613] {taskinstance.py:1377} INFO - Executing <Task(BashOperator): say_goodbye_from_cruworldwine> on 2022-06-13 09:46:28.875269+00:00
[2022-06-13 09:47:40,779] {standard_task_runner.py:52} INFO - Started process 17113 to run task
[2022-06-13 09:47:40,838] {standard_task_runner.py:79} INFO - Running: ['***', 'tasks', 'run', 'a_call_dag', 'say_goodbye_from_cruworldwine', 'manual__2022-06-13T09:46:28.875269+00:00', '--job-id', '79', '--raw', '--subdir', 'DAGS_FOLDER/call_dag.py', '--cfg-path', '/tmp/tmp6h8zdog8', '--error-file', '/tmp/tmpkq3nv7ms']
[2022-06-13 09:47:40,939] {standard_task_runner.py:80} INFO - Job 79: Subtask say_goodbye_from_cruworldwine
[2022-06-13 09:47:42,054] {task_command.py:370} INFO - Running <TaskInstance: a_call_dag.say_goodbye_from_cruworldwine manual__2022-06-13T09:46:28.875269+00:00 [running]> on host 8ef6f3d8e77e
[2022-06-13 09:47:48,878] {taskinstance.py:1571} INFO - Exporting the following env vars:
AIRFLOW_CTX_DAG_OWNER=***
AIRFLOW_CTX_DAG_ID=a_call_dag
AIRFLOW_CTX_TASK_ID=say_goodbye_from_cruworldwine
AIRFLOW_CTX_EXECUTION_DATE=2022-06-13T09:46:28.875269+00:00
AIRFLOW_CTX_TRY_NUMBER=1
AIRFLOW_CTX_DAG_RUN_ID=manual__2022-06-13T09:46:28.875269+00:00
[2022-06-13 09:47:48,893] {subprocess.py:62} INFO - Tmp dir root location: 
 /tmp
[2022-06-13 09:47:48,911] {subprocess.py:74} INFO - Running command: ['bash', '-c', 'echo goodbye from cruworldwine.']
[2022-06-13 09:47:49,241] {subprocess.py:85} INFO - Output:
[2022-06-13 09:47:49,249] {subprocess.py:92} INFO - goodbye from cruworldwine.
[2022-06-13 09:47:49,258] {subprocess.py:96} INFO - Command exited with return code 0
[2022-06-13 09:47:50,664] {taskinstance.py:1400} INFO - Marking task as SUCCESS. dag_id=a_call_dag, task_id=say_goodbye_from_cruworldwine, execution_date=20220613T094628, start_date=20220613T094739, end_date=20220613T094750
[2022-06-13 09:47:50,781] {local_task_job.py:156} INFO - Task exited with return code 0
[2022-06-13 09:47:51,754] {local_task_job.py:273} INFO - 0 downstream tasks scheduled from follow-on schedule check
