[2022-06-13 09:47:15,076] {taskinstance.py:1159} INFO - Dependencies all met for <TaskInstance: a_call_dag.say_hello_from_cultwines manual__2022-06-13T09:46:28.875269+00:00 [queued]>
[2022-06-13 09:47:15,250] {taskinstance.py:1159} INFO - Dependencies all met for <TaskInstance: a_call_dag.say_hello_from_cultwines manual__2022-06-13T09:46:28.875269+00:00 [queued]>
[2022-06-13 09:47:15,274] {taskinstance.py:1356} INFO - 
--------------------------------------------------------------------------------
[2022-06-13 09:47:15,288] {taskinstance.py:1357} INFO - Starting attempt 1 of 1
[2022-06-13 09:47:15,329] {taskinstance.py:1358} INFO - 
--------------------------------------------------------------------------------
[2022-06-13 09:47:15,594] {taskinstance.py:1377} INFO - Executing <Task(BashOperator): say_hello_from_cultwines> on 2022-06-13 09:46:28.875269+00:00
[2022-06-13 09:47:15,602] {standard_task_runner.py:52} INFO - Started process 17056 to run task
[2022-06-13 09:47:15,631] {standard_task_runner.py:79} INFO - Running: ['***', 'tasks', 'run', 'a_call_dag', 'say_hello_from_cultwines', 'manual__2022-06-13T09:46:28.875269+00:00', '--job-id', '74', '--raw', '--subdir', 'DAGS_FOLDER/call_dag.py', '--cfg-path', '/tmp/tmphuo3a1i3', '--error-file', '/tmp/tmpqb6wu78a']
[2022-06-13 09:47:15,636] {standard_task_runner.py:80} INFO - Job 74: Subtask say_hello_from_cultwines
[2022-06-13 09:47:16,005] {task_command.py:370} INFO - Running <TaskInstance: a_call_dag.say_hello_from_cultwines manual__2022-06-13T09:46:28.875269+00:00 [running]> on host 8ef6f3d8e77e
[2022-06-13 09:47:16,990] {taskinstance.py:1571} INFO - Exporting the following env vars:
AIRFLOW_CTX_DAG_OWNER=***
AIRFLOW_CTX_DAG_ID=a_call_dag
AIRFLOW_CTX_TASK_ID=say_hello_from_cultwines
AIRFLOW_CTX_EXECUTION_DATE=2022-06-13T09:46:28.875269+00:00
AIRFLOW_CTX_TRY_NUMBER=1
AIRFLOW_CTX_DAG_RUN_ID=manual__2022-06-13T09:46:28.875269+00:00
[2022-06-13 09:47:16,995] {subprocess.py:62} INFO - Tmp dir root location: 
 /tmp
[2022-06-13 09:47:16,999] {subprocess.py:74} INFO - Running command: ['bash', '-c', 'echo hello from cultwines.']
[2022-06-13 09:47:17,046] {subprocess.py:85} INFO - Output:
[2022-06-13 09:47:17,064] {subprocess.py:92} INFO - hello from cultwines.
[2022-06-13 09:47:17,065] {subprocess.py:96} INFO - Command exited with return code 0
[2022-06-13 09:47:20,672] {taskinstance.py:1400} INFO - Marking task as SUCCESS. dag_id=a_call_dag, task_id=say_hello_from_cultwines, execution_date=20220613T094628, start_date=20220613T094715, end_date=20220613T094720
[2022-06-13 09:47:21,331] {local_task_job.py:221} WARNING - State of this instance has been externally set to success. Terminating instance.
