[2022-06-13 09:47:09,737] {taskinstance.py:1159} INFO - Dependencies all met for <TaskInstance: a_call_dag.say_hello_from_bidvino manual__2022-06-13T09:46:28.875269+00:00 [queued]>
[2022-06-13 09:47:10,106] {taskinstance.py:1159} INFO - Dependencies all met for <TaskInstance: a_call_dag.say_hello_from_bidvino manual__2022-06-13T09:46:28.875269+00:00 [queued]>
[2022-06-13 09:47:10,123] {taskinstance.py:1356} INFO - 
--------------------------------------------------------------------------------
[2022-06-13 09:47:10,135] {taskinstance.py:1357} INFO - Starting attempt 1 of 1
[2022-06-13 09:47:10,152] {taskinstance.py:1358} INFO - 
--------------------------------------------------------------------------------
[2022-06-13 09:47:11,098] {taskinstance.py:1377} INFO - Executing <Task(BashOperator): say_hello_from_bidvino> on 2022-06-13 09:46:28.875269+00:00
[2022-06-13 09:47:11,155] {standard_task_runner.py:52} INFO - Started process 17041 to run task
[2022-06-13 09:47:11,333] {standard_task_runner.py:79} INFO - Running: ['***', 'tasks', 'run', 'a_call_dag', 'say_hello_from_bidvino', 'manual__2022-06-13T09:46:28.875269+00:00', '--job-id', '68', '--raw', '--subdir', 'DAGS_FOLDER/call_dag.py', '--cfg-path', '/tmp/tmp14yqxxs6', '--error-file', '/tmp/tmp4rco_9mc']
[2022-06-13 09:47:11,533] {standard_task_runner.py:80} INFO - Job 68: Subtask say_hello_from_bidvino
[2022-06-13 09:47:13,070] {task_command.py:370} INFO - Running <TaskInstance: a_call_dag.say_hello_from_bidvino manual__2022-06-13T09:46:28.875269+00:00 [running]> on host 8ef6f3d8e77e
[2022-06-13 09:47:14,643] {taskinstance.py:1571} INFO - Exporting the following env vars:
AIRFLOW_CTX_DAG_OWNER=***
AIRFLOW_CTX_DAG_ID=a_call_dag
AIRFLOW_CTX_TASK_ID=say_hello_from_bidvino
AIRFLOW_CTX_EXECUTION_DATE=2022-06-13T09:46:28.875269+00:00
AIRFLOW_CTX_TRY_NUMBER=1
AIRFLOW_CTX_DAG_RUN_ID=manual__2022-06-13T09:46:28.875269+00:00
[2022-06-13 09:47:14,660] {subprocess.py:62} INFO - Tmp dir root location: 
 /tmp
[2022-06-13 09:47:14,675] {subprocess.py:74} INFO - Running command: ['bash', '-c', 'echo hello from bidvino.']
[2022-06-13 09:47:14,859] {subprocess.py:85} INFO - Output:
[2022-06-13 09:47:14,900] {subprocess.py:92} INFO - hello from bidvino.
[2022-06-13 09:47:14,905] {subprocess.py:96} INFO - Command exited with return code 0
[2022-06-13 09:47:17,004] {taskinstance.py:1400} INFO - Marking task as SUCCESS. dag_id=a_call_dag, task_id=say_hello_from_bidvino, execution_date=20220613T094628, start_date=20220613T094709, end_date=20220613T094717
[2022-06-13 09:47:17,209] {local_task_job.py:156} INFO - Task exited with return code 0
[2022-06-13 09:47:20,673] {local_task_job.py:273} INFO - 1 downstream tasks scheduled from follow-on schedule check
