[2022-06-13 09:47:06,542] {taskinstance.py:1159} INFO - Dependencies all met for <TaskInstance: a_call_dag.say_hello_from_wineparadise manual__2022-06-13T09:46:28.875269+00:00 [queued]>
[2022-06-13 09:47:06,941] {taskinstance.py:1159} INFO - Dependencies all met for <TaskInstance: a_call_dag.say_hello_from_wineparadise manual__2022-06-13T09:46:28.875269+00:00 [queued]>
[2022-06-13 09:47:06,944] {taskinstance.py:1356} INFO - 
--------------------------------------------------------------------------------
[2022-06-13 09:47:06,949] {taskinstance.py:1357} INFO - Starting attempt 1 of 1
[2022-06-13 09:47:06,950] {taskinstance.py:1358} INFO - 
--------------------------------------------------------------------------------
[2022-06-13 09:47:07,352] {taskinstance.py:1377} INFO - Executing <Task(BashOperator): say_hello_from_wineparadise> on 2022-06-13 09:46:28.875269+00:00
[2022-06-13 09:47:07,470] {standard_task_runner.py:52} INFO - Started process 17031 to run task
[2022-06-13 09:47:07,501] {standard_task_runner.py:79} INFO - Running: ['***', 'tasks', 'run', 'a_call_dag', 'say_hello_from_wineparadise', 'manual__2022-06-13T09:46:28.875269+00:00', '--job-id', '66', '--raw', '--subdir', 'DAGS_FOLDER/call_dag.py', '--cfg-path', '/tmp/tmpe_qa4em3', '--error-file', '/tmp/tmpq3b4pz20']
[2022-06-13 09:47:07,714] {standard_task_runner.py:80} INFO - Job 66: Subtask say_hello_from_wineparadise
[2022-06-13 09:47:09,636] {task_command.py:370} INFO - Running <TaskInstance: a_call_dag.say_hello_from_wineparadise manual__2022-06-13T09:46:28.875269+00:00 [running]> on host 8ef6f3d8e77e
[2022-06-13 09:47:16,373] {taskinstance.py:1571} INFO - Exporting the following env vars:
AIRFLOW_CTX_DAG_OWNER=***
AIRFLOW_CTX_DAG_ID=a_call_dag
AIRFLOW_CTX_TASK_ID=say_hello_from_wineparadise
AIRFLOW_CTX_EXECUTION_DATE=2022-06-13T09:46:28.875269+00:00
AIRFLOW_CTX_TRY_NUMBER=1
AIRFLOW_CTX_DAG_RUN_ID=manual__2022-06-13T09:46:28.875269+00:00
[2022-06-13 09:47:16,391] {subprocess.py:62} INFO - Tmp dir root location: 
 /tmp
[2022-06-13 09:47:16,392] {subprocess.py:74} INFO - Running command: ['bash', '-c', 'echo hello from wineparadise.']
[2022-06-13 09:47:16,697] {subprocess.py:85} INFO - Output:
[2022-06-13 09:47:16,701] {subprocess.py:92} INFO - hello from wineparadise.
[2022-06-13 09:47:16,705] {subprocess.py:96} INFO - Command exited with return code 0
[2022-06-13 09:47:19,145] {taskinstance.py:1400} INFO - Marking task as SUCCESS. dag_id=a_call_dag, task_id=say_hello_from_wineparadise, execution_date=20220613T094628, start_date=20220613T094706, end_date=20220613T094719
[2022-06-13 09:47:19,655] {local_task_job.py:156} INFO - Task exited with return code 0
[2022-06-13 09:47:25,431] {local_task_job.py:273} INFO - 1 downstream tasks scheduled from follow-on schedule check
