[2022-06-13 09:53:10,975] {taskinstance.py:1159} INFO - Dependencies all met for <TaskInstance: a_call_dag.say_goodbye_from_bidvino manual__2022-06-13T09:51:17.544810+00:00 [queued]>
[2022-06-13 09:53:10,993] {taskinstance.py:1159} INFO - Dependencies all met for <TaskInstance: a_call_dag.say_goodbye_from_bidvino manual__2022-06-13T09:51:17.544810+00:00 [queued]>
[2022-06-13 09:53:10,994] {taskinstance.py:1356} INFO - 
--------------------------------------------------------------------------------
[2022-06-13 09:53:10,994] {taskinstance.py:1357} INFO - Starting attempt 1 of 1
[2022-06-13 09:53:10,995] {taskinstance.py:1358} INFO - 
--------------------------------------------------------------------------------
[2022-06-13 09:53:11,016] {taskinstance.py:1377} INFO - Executing <Task(BashOperator): say_goodbye_from_bidvino> on 2022-06-13 09:51:17.544810+00:00
[2022-06-13 09:53:11,024] {standard_task_runner.py:52} INFO - Started process 17602 to run task
[2022-06-13 09:53:11,030] {standard_task_runner.py:79} INFO - Running: ['***', 'tasks', 'run', 'a_call_dag', 'say_goodbye_from_bidvino', 'manual__2022-06-13T09:51:17.544810+00:00', '--job-id', '158', '--raw', '--subdir', 'DAGS_FOLDER/call_dag.py', '--cfg-path', '/tmp/tmp8ctxlatl', '--error-file', '/tmp/tmpmg0p3d20']
[2022-06-13 09:53:11,032] {standard_task_runner.py:80} INFO - Job 158: Subtask say_goodbye_from_bidvino
[2022-06-13 09:53:11,188] {task_command.py:370} INFO - Running <TaskInstance: a_call_dag.say_goodbye_from_bidvino manual__2022-06-13T09:51:17.544810+00:00 [running]> on host 8ef6f3d8e77e
[2022-06-13 09:53:11,348] {taskinstance.py:1571} INFO - Exporting the following env vars:
AIRFLOW_CTX_DAG_OWNER=***
AIRFLOW_CTX_DAG_ID=a_call_dag
AIRFLOW_CTX_TASK_ID=say_goodbye_from_bidvino
AIRFLOW_CTX_EXECUTION_DATE=2022-06-13T09:51:17.544810+00:00
AIRFLOW_CTX_TRY_NUMBER=1
AIRFLOW_CTX_DAG_RUN_ID=manual__2022-06-13T09:51:17.544810+00:00
[2022-06-13 09:53:11,350] {subprocess.py:62} INFO - Tmp dir root location: 
 /tmp
[2022-06-13 09:53:11,352] {subprocess.py:74} INFO - Running command: ['bash', '-c', 'echo goodbye from bidvino.']
[2022-06-13 09:53:11,368] {subprocess.py:85} INFO - Output:
[2022-06-13 09:53:11,372] {subprocess.py:92} INFO - goodbye from bidvino.
[2022-06-13 09:53:11,373] {subprocess.py:96} INFO - Command exited with return code 0
[2022-06-13 09:53:11,415] {taskinstance.py:1400} INFO - Marking task as SUCCESS. dag_id=a_call_dag, task_id=say_goodbye_from_bidvino, execution_date=20220613T095117, start_date=20220613T095310, end_date=20220613T095311
[2022-06-13 09:53:11,468] {local_task_job.py:156} INFO - Task exited with return code 0
[2022-06-13 09:53:11,546] {local_task_job.py:273} INFO - 0 downstream tasks scheduled from follow-on schedule check
