[2022-06-13 09:51:20,847] {taskinstance.py:1159} INFO - Dependencies all met for <TaskInstance: a_call_dag.get_data manual__2022-06-13T09:51:17.544810+00:00 [queued]>
[2022-06-13 09:51:20,861] {taskinstance.py:1159} INFO - Dependencies all met for <TaskInstance: a_call_dag.get_data manual__2022-06-13T09:51:17.544810+00:00 [queued]>
[2022-06-13 09:51:20,862] {taskinstance.py:1356} INFO - 
--------------------------------------------------------------------------------
[2022-06-13 09:51:20,862] {taskinstance.py:1357} INFO - Starting attempt 1 of 1
[2022-06-13 09:51:20,863] {taskinstance.py:1358} INFO - 
--------------------------------------------------------------------------------
[2022-06-13 09:51:20,886] {taskinstance.py:1377} INFO - Executing <Task(PythonOperator): get_data> on 2022-06-13 09:51:17.544810+00:00
[2022-06-13 09:51:20,892] {standard_task_runner.py:52} INFO - Started process 17413 to run task
[2022-06-13 09:51:20,896] {standard_task_runner.py:79} INFO - Running: ['***', 'tasks', 'run', 'a_call_dag', 'get_data', 'manual__2022-06-13T09:51:17.544810+00:00', '--job-id', '129', '--raw', '--subdir', 'DAGS_FOLDER/call_dag.py', '--cfg-path', '/tmp/tmph4bpw8ef', '--error-file', '/tmp/tmpxbqoq1qf']
[2022-06-13 09:51:20,897] {standard_task_runner.py:80} INFO - Job 129: Subtask get_data
[2022-06-13 09:51:20,977] {task_command.py:370} INFO - Running <TaskInstance: a_call_dag.get_data manual__2022-06-13T09:51:17.544810+00:00 [running]> on host 8ef6f3d8e77e
[2022-06-13 09:51:21,088] {taskinstance.py:1571} INFO - Exporting the following env vars:
AIRFLOW_CTX_DAG_OWNER=***
AIRFLOW_CTX_DAG_ID=a_call_dag
AIRFLOW_CTX_TASK_ID=get_data
AIRFLOW_CTX_EXECUTION_DATE=2022-06-13T09:51:17.544810+00:00
AIRFLOW_CTX_TRY_NUMBER=1
AIRFLOW_CTX_DAG_RUN_ID=manual__2022-06-13T09:51:17.544810+00:00
[2022-06-13 09:51:21,907] {python.py:173} INFO - Done. Returned value was: {'source': ['altaya', 'ginsbergchan', 'finewineexperience', 'jebsen', 'cruworldwine', 'rarefinewine', 'livex_market_price', 'vivinowines', 'wwx', 'winevault', 'pontiwine', 'royalorchid', 'bidvino', 'cultwines', 'wineparadise', 'wineview']}
[2022-06-13 09:51:21,976] {taskinstance.py:1400} INFO - Marking task as SUCCESS. dag_id=a_call_dag, task_id=get_data, execution_date=20220613T095117, start_date=20220613T095120, end_date=20220613T095121
[2022-06-13 09:51:22,037] {local_task_job.py:156} INFO - Task exited with return code 0
[2022-06-13 09:51:22,227] {local_task_job.py:273} INFO - 1 downstream tasks scheduled from follow-on schedule check
