[2022-06-13 09:47:13,111] {taskinstance.py:1159} INFO - Dependencies all met for <TaskInstance: a_call_dag.say_hello_from_rarefinewine manual__2022-06-13T09:46:28.875269+00:00 [queued]>
[2022-06-13 09:47:13,390] {taskinstance.py:1159} INFO - Dependencies all met for <TaskInstance: a_call_dag.say_hello_from_rarefinewine manual__2022-06-13T09:46:28.875269+00:00 [queued]>
[2022-06-13 09:47:13,409] {taskinstance.py:1356} INFO - 
--------------------------------------------------------------------------------
[2022-06-13 09:47:13,412] {taskinstance.py:1357} INFO - Starting attempt 1 of 1
[2022-06-13 09:47:13,416] {taskinstance.py:1358} INFO - 
--------------------------------------------------------------------------------
[2022-06-13 09:47:13,614] {taskinstance.py:1377} INFO - Executing <Task(BashOperator): say_hello_from_rarefinewine> on 2022-06-13 09:46:28.875269+00:00
[2022-06-13 09:47:13,638] {standard_task_runner.py:52} INFO - Started process 17050 to run task
[2022-06-13 09:47:13,707] {standard_task_runner.py:79} INFO - Running: ['***', 'tasks', 'run', 'a_call_dag', 'say_hello_from_rarefinewine', 'manual__2022-06-13T09:46:28.875269+00:00', '--job-id', '69', '--raw', '--subdir', 'DAGS_FOLDER/call_dag.py', '--cfg-path', '/tmp/tmp7zx9petw', '--error-file', '/tmp/tmpqje9dcy8']
[2022-06-13 09:47:13,732] {standard_task_runner.py:80} INFO - Job 69: Subtask say_hello_from_rarefinewine
[2022-06-13 09:47:15,063] {task_command.py:370} INFO - Running <TaskInstance: a_call_dag.say_hello_from_rarefinewine manual__2022-06-13T09:46:28.875269+00:00 [running]> on host 8ef6f3d8e77e
[2022-06-13 09:47:15,916] {taskinstance.py:1571} INFO - Exporting the following env vars:
AIRFLOW_CTX_DAG_OWNER=***
AIRFLOW_CTX_DAG_ID=a_call_dag
AIRFLOW_CTX_TASK_ID=say_hello_from_rarefinewine
AIRFLOW_CTX_EXECUTION_DATE=2022-06-13T09:46:28.875269+00:00
AIRFLOW_CTX_TRY_NUMBER=1
AIRFLOW_CTX_DAG_RUN_ID=manual__2022-06-13T09:46:28.875269+00:00
[2022-06-13 09:47:15,941] {subprocess.py:62} INFO - Tmp dir root location: 
 /tmp
[2022-06-13 09:47:15,948] {subprocess.py:74} INFO - Running command: ['bash', '-c', 'echo hello from rarefinewine.']
[2022-06-13 09:47:16,094] {subprocess.py:85} INFO - Output:
[2022-06-13 09:47:16,098] {subprocess.py:92} INFO - hello from rarefinewine.
[2022-06-13 09:47:16,100] {subprocess.py:96} INFO - Command exited with return code 0
[2022-06-13 09:47:18,186] {taskinstance.py:1400} INFO - Marking task as SUCCESS. dag_id=a_call_dag, task_id=say_hello_from_rarefinewine, execution_date=20220613T094628, start_date=20220613T094713, end_date=20220613T094718
[2022-06-13 09:47:18,305] {local_task_job.py:156} INFO - Task exited with return code 0
[2022-06-13 09:47:22,693] {local_task_job.py:273} INFO - 1 downstream tasks scheduled from follow-on schedule check
