[2022-06-13 09:14:00,656] {taskinstance.py:1159} INFO - Dependencies all met for <TaskInstance: a_call_dag.get_data manual__2022-06-13T09:13:58.148290+00:00 [queued]>
[2022-06-13 09:14:00,670] {taskinstance.py:1159} INFO - Dependencies all met for <TaskInstance: a_call_dag.get_data manual__2022-06-13T09:13:58.148290+00:00 [queued]>
[2022-06-13 09:14:00,670] {taskinstance.py:1356} INFO - 
--------------------------------------------------------------------------------
[2022-06-13 09:14:00,672] {taskinstance.py:1357} INFO - Starting attempt 1 of 1
[2022-06-13 09:14:00,673] {taskinstance.py:1358} INFO - 
--------------------------------------------------------------------------------
[2022-06-13 09:14:00,693] {taskinstance.py:1377} INFO - Executing <Task(PythonOperator): get_data> on 2022-06-13 09:13:58.148290+00:00
[2022-06-13 09:14:00,701] {standard_task_runner.py:52} INFO - Started process 15560 to run task
[2022-06-13 09:14:00,706] {standard_task_runner.py:79} INFO - Running: ['***', 'tasks', 'run', 'a_call_dag', 'get_data', 'manual__2022-06-13T09:13:58.148290+00:00', '--job-id', '31', '--raw', '--subdir', 'DAGS_FOLDER/call_dag.py', '--cfg-path', '/tmp/tmpw6vgen1o', '--error-file', '/tmp/tmp0ie120k9']
[2022-06-13 09:14:00,707] {standard_task_runner.py:80} INFO - Job 31: Subtask get_data
[2022-06-13 09:14:00,782] {task_command.py:370} INFO - Running <TaskInstance: a_call_dag.get_data manual__2022-06-13T09:13:58.148290+00:00 [running]> on host 8ef6f3d8e77e
[2022-06-13 09:14:00,901] {taskinstance.py:1571} INFO - Exporting the following env vars:
AIRFLOW_CTX_DAG_OWNER=***
AIRFLOW_CTX_DAG_ID=a_call_dag
AIRFLOW_CTX_TASK_ID=get_data
AIRFLOW_CTX_EXECUTION_DATE=2022-06-13T09:13:58.148290+00:00
AIRFLOW_CTX_TRY_NUMBER=1
AIRFLOW_CTX_DAG_RUN_ID=manual__2022-06-13T09:13:58.148290+00:00
[2022-06-13 09:14:02,723] {python.py:173} INFO - Done. Returned value was: ["altaya", "ginsbergchan", "finewineexperience", "jebsen", "cruworldwine", "rarefinewine", "livex_market_price", "vivinowines", "wwx", "winevault", "pontiwine", "royalorchid", "bidvino", "cultwines", "wineparadise", "wineview"]
[2022-06-13 09:14:02,800] {taskinstance.py:1400} INFO - Marking task as SUCCESS. dag_id=a_call_dag, task_id=get_data, execution_date=20220613T091358, start_date=20220613T091400, end_date=20220613T091402
[2022-06-13 09:14:02,880] {local_task_job.py:156} INFO - Task exited with return code 0
[2022-06-13 09:14:02,970] {local_task_job.py:273} INFO - 1 downstream tasks scheduled from follow-on schedule check
