[2022-06-13 09:48:56,586] {taskinstance.py:1159} INFO - Dependencies all met for <TaskInstance: a_call_dag.say_hello_from_wineparadise manual__2022-06-13T09:48:43.605166+00:00 [queued]>
[2022-06-13 09:48:56,627] {taskinstance.py:1159} INFO - Dependencies all met for <TaskInstance: a_call_dag.say_hello_from_wineparadise manual__2022-06-13T09:48:43.605166+00:00 [queued]>
[2022-06-13 09:48:56,639] {taskinstance.py:1356} INFO - 
--------------------------------------------------------------------------------
[2022-06-13 09:48:56,656] {taskinstance.py:1357} INFO - Starting attempt 1 of 1
[2022-06-13 09:48:56,668] {taskinstance.py:1358} INFO - 
--------------------------------------------------------------------------------
[2022-06-13 09:48:56,759] {taskinstance.py:1377} INFO - Executing <Task(BashOperator): say_hello_from_wineparadise> on 2022-06-13 09:48:43.605166+00:00
[2022-06-13 09:48:56,790] {standard_task_runner.py:52} INFO - Started process 17200 to run task
[2022-06-13 09:48:56,823] {standard_task_runner.py:79} INFO - Running: ['***', 'tasks', 'run', 'a_call_dag', 'say_hello_from_wineparadise', 'manual__2022-06-13T09:48:43.605166+00:00', '--job-id', '96', '--raw', '--subdir', 'DAGS_FOLDER/call_dag.py', '--cfg-path', '/tmp/tmp2dzpqp98', '--error-file', '/tmp/tmp5aed2mw1']
[2022-06-13 09:48:56,837] {standard_task_runner.py:80} INFO - Job 96: Subtask say_hello_from_wineparadise
[2022-06-13 09:48:57,257] {task_command.py:370} INFO - Running <TaskInstance: a_call_dag.say_hello_from_wineparadise manual__2022-06-13T09:48:43.605166+00:00 [running]> on host 8ef6f3d8e77e
[2022-06-13 09:48:57,826] {taskinstance.py:1571} INFO - Exporting the following env vars:
AIRFLOW_CTX_DAG_OWNER=***
AIRFLOW_CTX_DAG_ID=a_call_dag
AIRFLOW_CTX_TASK_ID=say_hello_from_wineparadise
AIRFLOW_CTX_EXECUTION_DATE=2022-06-13T09:48:43.605166+00:00
AIRFLOW_CTX_TRY_NUMBER=1
AIRFLOW_CTX_DAG_RUN_ID=manual__2022-06-13T09:48:43.605166+00:00
[2022-06-13 09:48:57,858] {subprocess.py:62} INFO - Tmp dir root location: 
 /tmp
[2022-06-13 09:48:57,868] {subprocess.py:74} INFO - Running command: ['bash', '-c', 'echo hello from wineparadise.']
[2022-06-13 09:48:57,921] {subprocess.py:85} INFO - Output:
[2022-06-13 09:48:57,950] {subprocess.py:92} INFO - hello from wineparadise.
[2022-06-13 09:48:57,962] {subprocess.py:96} INFO - Command exited with return code 0
[2022-06-13 09:48:58,096] {taskinstance.py:1400} INFO - Marking task as SUCCESS. dag_id=a_call_dag, task_id=say_hello_from_wineparadise, execution_date=20220613T094843, start_date=20220613T094856, end_date=20220613T094858
[2022-06-13 09:48:58,286] {local_task_job.py:156} INFO - Task exited with return code 0
[2022-06-13 09:48:58,640] {local_task_job.py:273} INFO - 0 downstream tasks scheduled from follow-on schedule check
