[2022-06-13 09:52:27,570] {taskinstance.py:1159} INFO - Dependencies all met for <TaskInstance: a_call_dag.say_hello_from_livex_market_price manual__2022-06-13T09:51:17.544810+00:00 [queued]>
[2022-06-13 09:52:27,590] {taskinstance.py:1159} INFO - Dependencies all met for <TaskInstance: a_call_dag.say_hello_from_livex_market_price manual__2022-06-13T09:51:17.544810+00:00 [queued]>
[2022-06-13 09:52:27,591] {taskinstance.py:1356} INFO - 
--------------------------------------------------------------------------------
[2022-06-13 09:52:27,592] {taskinstance.py:1357} INFO - Starting attempt 1 of 1
[2022-06-13 09:52:27,592] {taskinstance.py:1358} INFO - 
--------------------------------------------------------------------------------
[2022-06-13 09:52:27,626] {taskinstance.py:1377} INFO - Executing <Task(BashOperator): say_hello_from_livex_market_price> on 2022-06-13 09:51:17.544810+00:00
[2022-06-13 09:52:27,634] {standard_task_runner.py:52} INFO - Started process 17510 to run task
[2022-06-13 09:52:27,640] {standard_task_runner.py:79} INFO - Running: ['***', 'tasks', 'run', 'a_call_dag', 'say_hello_from_livex_market_price', 'manual__2022-06-13T09:51:17.544810+00:00', '--job-id', '144', '--raw', '--subdir', 'DAGS_FOLDER/call_dag.py', '--cfg-path', '/tmp/tmpzf312ybf', '--error-file', '/tmp/tmpm_2iq4jp']
[2022-06-13 09:52:27,642] {standard_task_runner.py:80} INFO - Job 144: Subtask say_hello_from_livex_market_price
[2022-06-13 09:52:27,761] {task_command.py:370} INFO - Running <TaskInstance: a_call_dag.say_hello_from_livex_market_price manual__2022-06-13T09:51:17.544810+00:00 [running]> on host 8ef6f3d8e77e
[2022-06-13 09:52:27,951] {taskinstance.py:1571} INFO - Exporting the following env vars:
AIRFLOW_CTX_DAG_OWNER=***
AIRFLOW_CTX_DAG_ID=a_call_dag
AIRFLOW_CTX_TASK_ID=say_hello_from_livex_market_price
AIRFLOW_CTX_EXECUTION_DATE=2022-06-13T09:51:17.544810+00:00
AIRFLOW_CTX_TRY_NUMBER=1
AIRFLOW_CTX_DAG_RUN_ID=manual__2022-06-13T09:51:17.544810+00:00
[2022-06-13 09:52:27,955] {subprocess.py:62} INFO - Tmp dir root location: 
 /tmp
[2022-06-13 09:52:27,957] {subprocess.py:74} INFO - Running command: ['bash', '-c', 'echo hello from livex_market_price.']
[2022-06-13 09:52:27,979] {subprocess.py:85} INFO - Output:
[2022-06-13 09:52:27,983] {subprocess.py:92} INFO - hello from livex_market_price.
[2022-06-13 09:52:27,983] {subprocess.py:96} INFO - Command exited with return code 0
[2022-06-13 09:52:28,040] {taskinstance.py:1400} INFO - Marking task as SUCCESS. dag_id=a_call_dag, task_id=say_hello_from_livex_market_price, execution_date=20220613T095117, start_date=20220613T095227, end_date=20220613T095228
[2022-06-13 09:52:28,101] {local_task_job.py:156} INFO - Task exited with return code 0
[2022-06-13 09:52:28,205] {local_task_job.py:273} INFO - 1 downstream tasks scheduled from follow-on schedule check
