[2022-06-13 09:50:04,812] {taskinstance.py:1159} INFO - Dependencies all met for <TaskInstance: a_call_dag.say_goodbye_from_bidvino manual__2022-06-13T09:48:43.605166+00:00 [queued]>
[2022-06-13 09:50:04,876] {taskinstance.py:1159} INFO - Dependencies all met for <TaskInstance: a_call_dag.say_goodbye_from_bidvino manual__2022-06-13T09:48:43.605166+00:00 [queued]>
[2022-06-13 09:50:04,877] {taskinstance.py:1356} INFO - 
--------------------------------------------------------------------------------
[2022-06-13 09:50:04,878] {taskinstance.py:1357} INFO - Starting attempt 1 of 1
[2022-06-13 09:50:04,879] {taskinstance.py:1358} INFO - 
--------------------------------------------------------------------------------
[2022-06-13 09:50:04,938] {taskinstance.py:1377} INFO - Executing <Task(BashOperator): say_goodbye_from_bidvino> on 2022-06-13 09:48:43.605166+00:00
[2022-06-13 09:50:04,959] {standard_task_runner.py:52} INFO - Started process 17312 to run task
[2022-06-13 09:50:04,977] {standard_task_runner.py:79} INFO - Running: ['***', 'tasks', 'run', 'a_call_dag', 'say_goodbye_from_bidvino', 'manual__2022-06-13T09:48:43.605166+00:00', '--job-id', '113', '--raw', '--subdir', 'DAGS_FOLDER/call_dag.py', '--cfg-path', '/tmp/tmpjqwihpnr', '--error-file', '/tmp/tmpapmo4pub']
[2022-06-13 09:50:04,979] {standard_task_runner.py:80} INFO - Job 113: Subtask say_goodbye_from_bidvino
[2022-06-13 09:50:05,316] {task_command.py:370} INFO - Running <TaskInstance: a_call_dag.say_goodbye_from_bidvino manual__2022-06-13T09:48:43.605166+00:00 [running]> on host 8ef6f3d8e77e
[2022-06-13 09:50:05,932] {taskinstance.py:1571} INFO - Exporting the following env vars:
AIRFLOW_CTX_DAG_OWNER=***
AIRFLOW_CTX_DAG_ID=a_call_dag
AIRFLOW_CTX_TASK_ID=say_goodbye_from_bidvino
AIRFLOW_CTX_EXECUTION_DATE=2022-06-13T09:48:43.605166+00:00
AIRFLOW_CTX_TRY_NUMBER=1
AIRFLOW_CTX_DAG_RUN_ID=manual__2022-06-13T09:48:43.605166+00:00
[2022-06-13 09:50:05,943] {subprocess.py:62} INFO - Tmp dir root location: 
 /tmp
[2022-06-13 09:50:05,962] {subprocess.py:74} INFO - Running command: ['bash', '-c', 'echo goodbye from bidvino.']
[2022-06-13 09:50:06,042] {subprocess.py:85} INFO - Output:
[2022-06-13 09:50:06,044] {subprocess.py:92} INFO - goodbye from bidvino.
[2022-06-13 09:50:06,045] {subprocess.py:96} INFO - Command exited with return code 0
[2022-06-13 09:50:06,299] {taskinstance.py:1400} INFO - Marking task as SUCCESS. dag_id=a_call_dag, task_id=say_goodbye_from_bidvino, execution_date=20220613T094843, start_date=20220613T095004, end_date=20220613T095006
[2022-06-13 09:50:06,511] {local_task_job.py:156} INFO - Task exited with return code 0
[2022-06-13 09:50:06,708] {local_task_job.py:273} INFO - 0 downstream tasks scheduled from follow-on schedule check
