[2022-06-13 09:47:46,668] {taskinstance.py:1159} INFO - Dependencies all met for <TaskInstance: a_call_dag.say_goodbye_from_winevault manual__2022-06-13T09:46:28.875269+00:00 [queued]>
[2022-06-13 09:47:46,924] {taskinstance.py:1159} INFO - Dependencies all met for <TaskInstance: a_call_dag.say_goodbye_from_winevault manual__2022-06-13T09:46:28.875269+00:00 [queued]>
[2022-06-13 09:47:46,935] {taskinstance.py:1356} INFO - 
--------------------------------------------------------------------------------
[2022-06-13 09:47:46,959] {taskinstance.py:1357} INFO - Starting attempt 1 of 1
[2022-06-13 09:47:46,964] {taskinstance.py:1358} INFO - 
--------------------------------------------------------------------------------
[2022-06-13 09:47:47,069] {taskinstance.py:1377} INFO - Executing <Task(BashOperator): say_goodbye_from_winevault> on 2022-06-13 09:46:28.875269+00:00
[2022-06-13 09:47:47,102] {standard_task_runner.py:52} INFO - Started process 17123 to run task
[2022-06-13 09:47:47,118] {standard_task_runner.py:79} INFO - Running: ['***', 'tasks', 'run', 'a_call_dag', 'say_goodbye_from_winevault', 'manual__2022-06-13T09:46:28.875269+00:00', '--job-id', '90', '--raw', '--subdir', 'DAGS_FOLDER/call_dag.py', '--cfg-path', '/tmp/tmp83ek0by5', '--error-file', '/tmp/tmplgj9pq81']
[2022-06-13 09:47:47,143] {standard_task_runner.py:80} INFO - Job 90: Subtask say_goodbye_from_winevault
[2022-06-13 09:47:47,748] {task_command.py:370} INFO - Running <TaskInstance: a_call_dag.say_goodbye_from_winevault manual__2022-06-13T09:46:28.875269+00:00 [running]> on host 8ef6f3d8e77e
[2022-06-13 09:47:49,409] {taskinstance.py:1571} INFO - Exporting the following env vars:
AIRFLOW_CTX_DAG_OWNER=***
AIRFLOW_CTX_DAG_ID=a_call_dag
AIRFLOW_CTX_TASK_ID=say_goodbye_from_winevault
AIRFLOW_CTX_EXECUTION_DATE=2022-06-13T09:46:28.875269+00:00
AIRFLOW_CTX_TRY_NUMBER=1
AIRFLOW_CTX_DAG_RUN_ID=manual__2022-06-13T09:46:28.875269+00:00
[2022-06-13 09:47:49,425] {subprocess.py:62} INFO - Tmp dir root location: 
 /tmp
[2022-06-13 09:47:49,472] {subprocess.py:74} INFO - Running command: ['bash', '-c', 'echo goodbye from winevault.']
[2022-06-13 09:47:49,605] {subprocess.py:85} INFO - Output:
[2022-06-13 09:47:49,609] {subprocess.py:92} INFO - goodbye from winevault.
[2022-06-13 09:47:49,663] {subprocess.py:96} INFO - Command exited with return code 0
[2022-06-13 09:47:50,823] {taskinstance.py:1400} INFO - Marking task as SUCCESS. dag_id=a_call_dag, task_id=say_goodbye_from_winevault, execution_date=20220613T094628, start_date=20220613T094746, end_date=20220613T094750
[2022-06-13 09:47:50,981] {local_task_job.py:156} INFO - Task exited with return code 0
[2022-06-13 09:47:51,583] {local_task_job.py:273} INFO - 0 downstream tasks scheduled from follow-on schedule check
