[2022-06-13 09:47:00,085] {taskinstance.py:1159} INFO - Dependencies all met for <TaskInstance: a_call_dag.say_hello_from_jebsen manual__2022-06-13T09:46:28.875269+00:00 [queued]>
[2022-06-13 09:47:00,326] {taskinstance.py:1159} INFO - Dependencies all met for <TaskInstance: a_call_dag.say_hello_from_jebsen manual__2022-06-13T09:46:28.875269+00:00 [queued]>
[2022-06-13 09:47:00,334] {taskinstance.py:1356} INFO - 
--------------------------------------------------------------------------------
[2022-06-13 09:47:00,344] {taskinstance.py:1357} INFO - Starting attempt 1 of 1
[2022-06-13 09:47:00,357] {taskinstance.py:1358} INFO - 
--------------------------------------------------------------------------------
[2022-06-13 09:47:01,103] {taskinstance.py:1377} INFO - Executing <Task(BashOperator): say_hello_from_jebsen> on 2022-06-13 09:46:28.875269+00:00
[2022-06-13 09:47:01,131] {standard_task_runner.py:52} INFO - Started process 17027 to run task
[2022-06-13 09:47:01,230] {standard_task_runner.py:79} INFO - Running: ['***', 'tasks', 'run', 'a_call_dag', 'say_hello_from_jebsen', 'manual__2022-06-13T09:46:28.875269+00:00', '--job-id', '61', '--raw', '--subdir', 'DAGS_FOLDER/call_dag.py', '--cfg-path', '/tmp/tmptdef7w_u', '--error-file', '/tmp/tmpvr5lprz6']
[2022-06-13 09:47:01,297] {standard_task_runner.py:80} INFO - Job 61: Subtask say_hello_from_jebsen
[2022-06-13 09:47:03,825] {task_command.py:370} INFO - Running <TaskInstance: a_call_dag.say_hello_from_jebsen manual__2022-06-13T09:46:28.875269+00:00 [running]> on host 8ef6f3d8e77e
[2022-06-13 09:47:08,482] {taskinstance.py:1571} INFO - Exporting the following env vars:
AIRFLOW_CTX_DAG_OWNER=***
AIRFLOW_CTX_DAG_ID=a_call_dag
AIRFLOW_CTX_TASK_ID=say_hello_from_jebsen
AIRFLOW_CTX_EXECUTION_DATE=2022-06-13T09:46:28.875269+00:00
AIRFLOW_CTX_TRY_NUMBER=1
AIRFLOW_CTX_DAG_RUN_ID=manual__2022-06-13T09:46:28.875269+00:00
[2022-06-13 09:47:08,496] {subprocess.py:62} INFO - Tmp dir root location: 
 /tmp
[2022-06-13 09:47:08,534] {subprocess.py:74} INFO - Running command: ['bash', '-c', 'echo hello from jebsen.']
[2022-06-13 09:47:08,711] {subprocess.py:85} INFO - Output:
[2022-06-13 09:47:08,735] {subprocess.py:92} INFO - hello from jebsen.
[2022-06-13 09:47:08,742] {subprocess.py:96} INFO - Command exited with return code 0
[2022-06-13 09:47:14,721] {taskinstance.py:1400} INFO - Marking task as SUCCESS. dag_id=a_call_dag, task_id=say_hello_from_jebsen, execution_date=20220613T094628, start_date=20220613T094700, end_date=20220613T094714
[2022-06-13 09:47:15,120] {local_task_job.py:156} INFO - Task exited with return code 0
[2022-06-13 09:47:18,026] {local_task_job.py:273} INFO - 1 downstream tasks scheduled from follow-on schedule check
