[2022-06-13 09:53:28,872] {taskinstance.py:1159} INFO - Dependencies all met for <TaskInstance: a_call_dag.end manual__2022-06-13T09:51:17.544810+00:00 [queued]>
[2022-06-13 09:53:28,893] {taskinstance.py:1159} INFO - Dependencies all met for <TaskInstance: a_call_dag.end manual__2022-06-13T09:51:17.544810+00:00 [queued]>
[2022-06-13 09:53:28,893] {taskinstance.py:1356} INFO - 
--------------------------------------------------------------------------------
[2022-06-13 09:53:28,894] {taskinstance.py:1357} INFO - Starting attempt 1 of 1
[2022-06-13 09:53:28,894] {taskinstance.py:1358} INFO - 
--------------------------------------------------------------------------------
[2022-06-13 09:53:28,918] {taskinstance.py:1377} INFO - Executing <Task(BashOperator): end> on 2022-06-13 09:51:17.544810+00:00
[2022-06-13 09:53:28,928] {standard_task_runner.py:52} INFO - Started process 17632 to run task
[2022-06-13 09:53:28,939] {standard_task_runner.py:79} INFO - Running: ['***', 'tasks', 'run', 'a_call_dag', 'end', 'manual__2022-06-13T09:51:17.544810+00:00', '--job-id', '163', '--raw', '--subdir', 'DAGS_FOLDER/call_dag.py', '--cfg-path', '/tmp/tmpmllgp124', '--error-file', '/tmp/tmp956ahfgr']
[2022-06-13 09:53:28,941] {standard_task_runner.py:80} INFO - Job 163: Subtask end
[2022-06-13 09:53:29,055] {task_command.py:370} INFO - Running <TaskInstance: a_call_dag.end manual__2022-06-13T09:51:17.544810+00:00 [running]> on host 8ef6f3d8e77e
[2022-06-13 09:53:29,326] {taskinstance.py:1571} INFO - Exporting the following env vars:
AIRFLOW_CTX_DAG_OWNER=***
AIRFLOW_CTX_DAG_ID=a_call_dag
AIRFLOW_CTX_TASK_ID=end
AIRFLOW_CTX_EXECUTION_DATE=2022-06-13T09:51:17.544810+00:00
AIRFLOW_CTX_TRY_NUMBER=1
AIRFLOW_CTX_DAG_RUN_ID=manual__2022-06-13T09:51:17.544810+00:00
[2022-06-13 09:53:29,329] {subprocess.py:62} INFO - Tmp dir root location: 
 /tmp
[2022-06-13 09:53:29,330] {subprocess.py:74} INFO - Running command: ['bash', '-c', 'echo end']
[2022-06-13 09:53:29,370] {subprocess.py:85} INFO - Output:
[2022-06-13 09:53:29,373] {subprocess.py:92} INFO - end
[2022-06-13 09:53:29,374] {subprocess.py:96} INFO - Command exited with return code 0
[2022-06-13 09:53:29,501] {taskinstance.py:1400} INFO - Marking task as SUCCESS. dag_id=a_call_dag, task_id=end, execution_date=20220613T095117, start_date=20220613T095328, end_date=20220613T095329
[2022-06-13 09:53:29,609] {local_task_job.py:156} INFO - Task exited with return code 0
[2022-06-13 09:53:29,763] {local_task_job.py:273} INFO - 0 downstream tasks scheduled from follow-on schedule check
