[2022-06-13 09:45:16,897] {taskinstance.py:1159} INFO - Dependencies all met for <TaskInstance: a_call_dag.say_hello_from_vivinowines manual__2022-06-13T09:44:44.586605+00:00 [queued]>
[2022-06-13 09:45:17,332] {taskinstance.py:1159} INFO - Dependencies all met for <TaskInstance: a_call_dag.say_hello_from_vivinowines manual__2022-06-13T09:44:44.586605+00:00 [queued]>
[2022-06-13 09:45:17,389] {taskinstance.py:1356} INFO - 
--------------------------------------------------------------------------------
[2022-06-13 09:45:17,421] {taskinstance.py:1357} INFO - Starting attempt 1 of 1
[2022-06-13 09:45:17,465] {taskinstance.py:1358} INFO - 
--------------------------------------------------------------------------------
[2022-06-13 09:45:18,534] {taskinstance.py:1377} INFO - Executing <Task(BashOperator): say_hello_from_vivinowines> on 2022-06-13 09:44:44.586605+00:00
[2022-06-13 09:45:18,594] {standard_task_runner.py:52} INFO - Started process 16926 to run task
[2022-06-13 09:45:18,648] {standard_task_runner.py:79} INFO - Running: ['***', 'tasks', 'run', 'a_call_dag', 'say_hello_from_vivinowines', 'manual__2022-06-13T09:44:44.586605+00:00', '--job-id', '41', '--raw', '--subdir', 'DAGS_FOLDER/call_dag.py', '--cfg-path', '/tmp/tmpp54rp_5s', '--error-file', '/tmp/tmph4gw5e_6']
[2022-06-13 09:45:18,788] {standard_task_runner.py:80} INFO - Job 41: Subtask say_hello_from_vivinowines
[2022-06-13 09:45:20,137] {task_command.py:370} INFO - Running <TaskInstance: a_call_dag.say_hello_from_vivinowines manual__2022-06-13T09:44:44.586605+00:00 [running]> on host 8ef6f3d8e77e
[2022-06-13 09:45:23,154] {taskinstance.py:1571} INFO - Exporting the following env vars:
AIRFLOW_CTX_DAG_OWNER=***
AIRFLOW_CTX_DAG_ID=a_call_dag
AIRFLOW_CTX_TASK_ID=say_hello_from_vivinowines
AIRFLOW_CTX_EXECUTION_DATE=2022-06-13T09:44:44.586605+00:00
AIRFLOW_CTX_TRY_NUMBER=1
AIRFLOW_CTX_DAG_RUN_ID=manual__2022-06-13T09:44:44.586605+00:00
[2022-06-13 09:45:23,171] {subprocess.py:62} INFO - Tmp dir root location: 
 /tmp
[2022-06-13 09:45:23,172] {subprocess.py:74} INFO - Running command: ['bash', '-c', 'echo hello from vivinowines.']
[2022-06-13 09:45:23,475] {subprocess.py:85} INFO - Output:
[2022-06-13 09:45:23,619] {subprocess.py:92} INFO - hello from vivinowines.
[2022-06-13 09:45:23,626] {subprocess.py:96} INFO - Command exited with return code 0
[2022-06-13 09:45:24,467] {taskinstance.py:1400} INFO - Marking task as SUCCESS. dag_id=a_call_dag, task_id=say_hello_from_vivinowines, execution_date=20220613T094444, start_date=20220613T094516, end_date=20220613T094524
[2022-06-13 09:45:24,841] {local_task_job.py:156} INFO - Task exited with return code 0
[2022-06-13 09:45:25,773] {local_task_job.py:273} INFO - 1 downstream tasks scheduled from follow-on schedule check
