[2022-06-13 09:49:33,542] {taskinstance.py:1159} INFO - Dependencies all met for <TaskInstance: a_call_dag.say_hello_from_altaya manual__2022-06-13T09:48:43.605166+00:00 [queued]>
[2022-06-13 09:49:33,568] {taskinstance.py:1159} INFO - Dependencies all met for <TaskInstance: a_call_dag.say_hello_from_altaya manual__2022-06-13T09:48:43.605166+00:00 [queued]>
[2022-06-13 09:49:33,569] {taskinstance.py:1356} INFO - 
--------------------------------------------------------------------------------
[2022-06-13 09:49:33,571] {taskinstance.py:1357} INFO - Starting attempt 1 of 1
[2022-06-13 09:49:33,571] {taskinstance.py:1358} INFO - 
--------------------------------------------------------------------------------
[2022-06-13 09:49:33,600] {taskinstance.py:1377} INFO - Executing <Task(BashOperator): say_hello_from_altaya> on 2022-06-13 09:48:43.605166+00:00
[2022-06-13 09:49:33,609] {standard_task_runner.py:52} INFO - Started process 17263 to run task
[2022-06-13 09:49:33,622] {standard_task_runner.py:79} INFO - Running: ['***', 'tasks', 'run', 'a_call_dag', 'say_hello_from_altaya', 'manual__2022-06-13T09:48:43.605166+00:00', '--job-id', '105', '--raw', '--subdir', 'DAGS_FOLDER/call_dag.py', '--cfg-path', '/tmp/tmp73glzhan', '--error-file', '/tmp/tmp7sid065u']
[2022-06-13 09:49:33,624] {standard_task_runner.py:80} INFO - Job 105: Subtask say_hello_from_altaya
[2022-06-13 09:49:33,731] {task_command.py:370} INFO - Running <TaskInstance: a_call_dag.say_hello_from_altaya manual__2022-06-13T09:48:43.605166+00:00 [running]> on host 8ef6f3d8e77e
[2022-06-13 09:49:33,887] {taskinstance.py:1571} INFO - Exporting the following env vars:
AIRFLOW_CTX_DAG_OWNER=***
AIRFLOW_CTX_DAG_ID=a_call_dag
AIRFLOW_CTX_TASK_ID=say_hello_from_altaya
AIRFLOW_CTX_EXECUTION_DATE=2022-06-13T09:48:43.605166+00:00
AIRFLOW_CTX_TRY_NUMBER=1
AIRFLOW_CTX_DAG_RUN_ID=manual__2022-06-13T09:48:43.605166+00:00
[2022-06-13 09:49:33,890] {subprocess.py:62} INFO - Tmp dir root location: 
 /tmp
[2022-06-13 09:49:33,891] {subprocess.py:74} INFO - Running command: ['bash', '-c', 'echo hello from altaya.']
[2022-06-13 09:49:33,909] {subprocess.py:85} INFO - Output:
[2022-06-13 09:49:33,914] {subprocess.py:92} INFO - hello from altaya.
[2022-06-13 09:49:33,916] {subprocess.py:96} INFO - Command exited with return code 0
[2022-06-13 09:49:34,015] {taskinstance.py:1400} INFO - Marking task as SUCCESS. dag_id=a_call_dag, task_id=say_hello_from_altaya, execution_date=20220613T094843, start_date=20220613T094933, end_date=20220613T094934
[2022-06-13 09:49:34,075] {local_task_job.py:156} INFO - Task exited with return code 0
[2022-06-13 09:49:34,395] {local_task_job.py:273} INFO - 0 downstream tasks scheduled from follow-on schedule check
