[2022-06-13 09:50:15,853] {taskinstance.py:1159} INFO - Dependencies all met for <TaskInstance: a_call_dag.say_goodbye_from_pontiwine manual__2022-06-13T09:48:43.605166+00:00 [queued]>
[2022-06-13 09:50:15,876] {taskinstance.py:1159} INFO - Dependencies all met for <TaskInstance: a_call_dag.say_goodbye_from_pontiwine manual__2022-06-13T09:48:43.605166+00:00 [queued]>
[2022-06-13 09:50:15,876] {taskinstance.py:1356} INFO - 
--------------------------------------------------------------------------------
[2022-06-13 09:50:15,877] {taskinstance.py:1357} INFO - Starting attempt 1 of 1
[2022-06-13 09:50:15,878] {taskinstance.py:1358} INFO - 
--------------------------------------------------------------------------------
[2022-06-13 09:50:15,907] {taskinstance.py:1377} INFO - Executing <Task(BashOperator): say_goodbye_from_pontiwine> on 2022-06-13 09:48:43.605166+00:00
[2022-06-13 09:50:15,918] {standard_task_runner.py:52} INFO - Started process 17320 to run task
[2022-06-13 09:50:15,921] {standard_task_runner.py:79} INFO - Running: ['***', 'tasks', 'run', 'a_call_dag', 'say_goodbye_from_pontiwine', 'manual__2022-06-13T09:48:43.605166+00:00', '--job-id', '115', '--raw', '--subdir', 'DAGS_FOLDER/call_dag.py', '--cfg-path', '/tmp/tmpnn3sw6r5', '--error-file', '/tmp/tmpt48e4dw3']
[2022-06-13 09:50:15,924] {standard_task_runner.py:80} INFO - Job 115: Subtask say_goodbye_from_pontiwine
[2022-06-13 09:50:16,037] {task_command.py:370} INFO - Running <TaskInstance: a_call_dag.say_goodbye_from_pontiwine manual__2022-06-13T09:48:43.605166+00:00 [running]> on host 8ef6f3d8e77e
[2022-06-13 09:50:16,223] {taskinstance.py:1571} INFO - Exporting the following env vars:
AIRFLOW_CTX_DAG_OWNER=***
AIRFLOW_CTX_DAG_ID=a_call_dag
AIRFLOW_CTX_TASK_ID=say_goodbye_from_pontiwine
AIRFLOW_CTX_EXECUTION_DATE=2022-06-13T09:48:43.605166+00:00
AIRFLOW_CTX_TRY_NUMBER=1
AIRFLOW_CTX_DAG_RUN_ID=manual__2022-06-13T09:48:43.605166+00:00
[2022-06-13 09:50:16,229] {subprocess.py:62} INFO - Tmp dir root location: 
 /tmp
[2022-06-13 09:50:16,231] {subprocess.py:74} INFO - Running command: ['bash', '-c', 'echo goodbye from pontiwine.']
[2022-06-13 09:50:16,270] {subprocess.py:85} INFO - Output:
[2022-06-13 09:50:16,273] {subprocess.py:92} INFO - goodbye from pontiwine.
[2022-06-13 09:50:16,274] {subprocess.py:96} INFO - Command exited with return code 0
[2022-06-13 09:50:16,445] {taskinstance.py:1400} INFO - Marking task as SUCCESS. dag_id=a_call_dag, task_id=say_goodbye_from_pontiwine, execution_date=20220613T094843, start_date=20220613T095015, end_date=20220613T095016
[2022-06-13 09:50:16,554] {local_task_job.py:156} INFO - Task exited with return code 0
[2022-06-13 09:50:16,710] {local_task_job.py:273} INFO - 0 downstream tasks scheduled from follow-on schedule check
