[2022-06-13 09:46:38,557] {taskinstance.py:1159} INFO - Dependencies all met for <TaskInstance: a_call_dag.preparation_task manual__2022-06-13T09:46:28.875269+00:00 [queued]>
[2022-06-13 09:46:38,595] {taskinstance.py:1159} INFO - Dependencies all met for <TaskInstance: a_call_dag.preparation_task manual__2022-06-13T09:46:28.875269+00:00 [queued]>
[2022-06-13 09:46:38,596] {taskinstance.py:1356} INFO - 
--------------------------------------------------------------------------------
[2022-06-13 09:46:38,599] {taskinstance.py:1357} INFO - Starting attempt 1 of 1
[2022-06-13 09:46:38,600] {taskinstance.py:1358} INFO - 
--------------------------------------------------------------------------------
[2022-06-13 09:46:38,694] {taskinstance.py:1377} INFO - Executing <Task(PythonOperator): preparation_task> on 2022-06-13 09:46:28.875269+00:00
[2022-06-13 09:46:38,720] {standard_task_runner.py:52} INFO - Started process 16985 to run task
[2022-06-13 09:46:38,766] {standard_task_runner.py:79} INFO - Running: ['***', 'tasks', 'run', 'a_call_dag', 'preparation_task', 'manual__2022-06-13T09:46:28.875269+00:00', '--job-id', '60', '--raw', '--subdir', 'DAGS_FOLDER/call_dag.py', '--cfg-path', '/tmp/tmp_sbflgwi', '--error-file', '/tmp/tmp_gt608u6']
[2022-06-13 09:46:38,768] {standard_task_runner.py:80} INFO - Job 60: Subtask preparation_task
[2022-06-13 09:46:39,274] {task_command.py:370} INFO - Running <TaskInstance: a_call_dag.preparation_task manual__2022-06-13T09:46:28.875269+00:00 [running]> on host 8ef6f3d8e77e
[2022-06-13 09:46:39,843] {taskinstance.py:1571} INFO - Exporting the following env vars:
AIRFLOW_CTX_DAG_OWNER=***
AIRFLOW_CTX_DAG_ID=a_call_dag
AIRFLOW_CTX_TASK_ID=preparation_task
AIRFLOW_CTX_EXECUTION_DATE=2022-06-13T09:46:28.875269+00:00
AIRFLOW_CTX_TRY_NUMBER=1
AIRFLOW_CTX_DAG_RUN_ID=manual__2022-06-13T09:46:28.875269+00:00
[2022-06-13 09:46:40,035] {crypto.py:82} WARNING - empty cryptography key - values will not be stored encrypted.
[2022-06-13 09:46:40,110] {python.py:173} INFO - Done. Returned value was: None
[2022-06-13 09:46:40,219] {taskinstance.py:1400} INFO - Marking task as SUCCESS. dag_id=a_call_dag, task_id=preparation_task, execution_date=20220613T094628, start_date=20220613T094638, end_date=20220613T094640
[2022-06-13 09:46:40,358] {local_task_job.py:156} INFO - Task exited with return code 0
[2022-06-13 09:46:40,825] {local_task_job.py:273} INFO - 0 downstream tasks scheduled from follow-on schedule check
