[2022-06-13 09:49:21,551] {taskinstance.py:1159} INFO - Dependencies all met for <TaskInstance: a_call_dag.say_hello_from_wwx manual__2022-06-13T09:48:43.605166+00:00 [queued]>
[2022-06-13 09:49:21,567] {taskinstance.py:1159} INFO - Dependencies all met for <TaskInstance: a_call_dag.say_hello_from_wwx manual__2022-06-13T09:48:43.605166+00:00 [queued]>
[2022-06-13 09:49:21,568] {taskinstance.py:1356} INFO - 
--------------------------------------------------------------------------------
[2022-06-13 09:49:21,568] {taskinstance.py:1357} INFO - Starting attempt 1 of 1
[2022-06-13 09:49:21,569] {taskinstance.py:1358} INFO - 
--------------------------------------------------------------------------------
[2022-06-13 09:49:21,590] {taskinstance.py:1377} INFO - Executing <Task(BashOperator): say_hello_from_wwx> on 2022-06-13 09:48:43.605166+00:00
[2022-06-13 09:49:21,596] {standard_task_runner.py:52} INFO - Started process 17242 to run task
[2022-06-13 09:49:21,601] {standard_task_runner.py:79} INFO - Running: ['***', 'tasks', 'run', 'a_call_dag', 'say_hello_from_wwx', 'manual__2022-06-13T09:48:43.605166+00:00', '--job-id', '102', '--raw', '--subdir', 'DAGS_FOLDER/call_dag.py', '--cfg-path', '/tmp/tmp37cxoons', '--error-file', '/tmp/tmp6fm7gf8n']
[2022-06-13 09:49:21,602] {standard_task_runner.py:80} INFO - Job 102: Subtask say_hello_from_wwx
[2022-06-13 09:49:21,680] {task_command.py:370} INFO - Running <TaskInstance: a_call_dag.say_hello_from_wwx manual__2022-06-13T09:48:43.605166+00:00 [running]> on host 8ef6f3d8e77e
[2022-06-13 09:49:21,786] {taskinstance.py:1571} INFO - Exporting the following env vars:
AIRFLOW_CTX_DAG_OWNER=***
AIRFLOW_CTX_DAG_ID=a_call_dag
AIRFLOW_CTX_TASK_ID=say_hello_from_wwx
AIRFLOW_CTX_EXECUTION_DATE=2022-06-13T09:48:43.605166+00:00
AIRFLOW_CTX_TRY_NUMBER=1
AIRFLOW_CTX_DAG_RUN_ID=manual__2022-06-13T09:48:43.605166+00:00
[2022-06-13 09:49:21,788] {subprocess.py:62} INFO - Tmp dir root location: 
 /tmp
[2022-06-13 09:49:21,789] {subprocess.py:74} INFO - Running command: ['bash', '-c', 'echo hello from wwx.']
[2022-06-13 09:49:21,803] {subprocess.py:85} INFO - Output:
[2022-06-13 09:49:21,805] {subprocess.py:92} INFO - hello from wwx.
[2022-06-13 09:49:21,806] {subprocess.py:96} INFO - Command exited with return code 0
[2022-06-13 09:49:21,848] {taskinstance.py:1400} INFO - Marking task as SUCCESS. dag_id=a_call_dag, task_id=say_hello_from_wwx, execution_date=20220613T094843, start_date=20220613T094921, end_date=20220613T094921
[2022-06-13 09:49:21,894] {local_task_job.py:156} INFO - Task exited with return code 0
[2022-06-13 09:49:21,975] {local_task_job.py:273} INFO - 1 downstream tasks scheduled from follow-on schedule check
